2023-08-25T09:21:52.695+05:30  INFO 9688 --- [restartedMain] c.ideabytes.ValiSignProjectApplication   : Starting ValiSignProjectApplication using Java 17.0.7 with PID 9688 (C:\Users\Admin\eclipse-workspace\STS\Vali_Sign_Project\target\classes started by Admin in C:\Users\Admin\eclipse-workspace\STS\Vali_Sign_Project)
2023-08-25T09:21:52.703+05:30  INFO 9688 --- [restartedMain] c.ideabytes.ValiSignProjectApplication   : No active profile set, falling back to 1 default profile: "default"
2023-08-25T09:21:52.963+05:30  INFO 9688 --- [restartedMain] .e.DevToolsPropertyDefaultsPostProcessor : Devtools property defaults active! Set 'spring.devtools.add-properties' to 'false' to disable
2023-08-25T09:21:52.964+05:30  INFO 9688 --- [restartedMain] .e.DevToolsPropertyDefaultsPostProcessor : For additional web related logging consider setting the 'logging.level.web' property to 'DEBUG'
2023-08-25T09:21:55.628+05:30  INFO 9688 --- [restartedMain] .s.d.r.c.RepositoryConfigurationDelegate : Bootstrapping Spring Data JPA repositories in DEFAULT mode.
2023-08-25T09:21:55.800+05:30  INFO 9688 --- [restartedMain] .s.d.r.c.RepositoryConfigurationDelegate : Finished Spring Data repository scanning in 156 ms. Found 4 JPA repository interfaces.
2023-08-25T09:21:57.066+05:30  INFO 9688 --- [restartedMain] o.s.b.w.embedded.tomcat.TomcatWebServer  : Tomcat initialized with port(s): 1000 (http)
2023-08-25T09:21:57.088+05:30  INFO 9688 --- [restartedMain] o.apache.catalina.core.StandardService   : Starting service [Tomcat]
2023-08-25T09:21:57.089+05:30  INFO 9688 --- [restartedMain] o.apache.catalina.core.StandardEngine    : Starting Servlet engine: [Apache Tomcat/10.1.10]
2023-08-25T09:21:57.210+05:30  INFO 9688 --- [restartedMain] o.a.c.c.C.[.[localhost].[/api/vs]        : Initializing Spring embedded WebApplicationContext
2023-08-25T09:21:57.211+05:30  INFO 9688 --- [restartedMain] w.s.c.ServletWebServerApplicationContext : Root WebApplicationContext: initialization completed in 4243 ms
2023-08-25T09:21:57.480+05:30  INFO 9688 --- [restartedMain] o.hibernate.jpa.internal.util.LogHelper  : HHH000204: Processing PersistenceUnitInfo [name: default]
2023-08-25T09:21:57.594+05:30  INFO 9688 --- [restartedMain] org.hibernate.Version                    : HHH000412: Hibernate ORM core version 6.2.5.Final
2023-08-25T09:21:57.599+05:30  INFO 9688 --- [restartedMain] org.hibernate.cfg.Environment            : HHH000406: Using bytecode reflection optimizer
2023-08-25T09:21:57.861+05:30  INFO 9688 --- [restartedMain] o.h.b.i.BytecodeProviderInitiator        : HHH000021: Bytecode provider name : bytebuddy
2023-08-25T09:21:58.086+05:30  INFO 9688 --- [restartedMain] o.s.o.j.p.SpringPersistenceUnitInfo      : No LoadTimeWeaver setup: ignoring JPA class transformer
2023-08-25T09:21:58.122+05:30  INFO 9688 --- [restartedMain] com.zaxxer.hikari.HikariDataSource       : HikariPool-1 - Starting...
2023-08-25T09:21:58.549+05:30  INFO 9688 --- [restartedMain] com.zaxxer.hikari.pool.HikariPool        : HikariPool-1 - Added connection com.mysql.cj.jdbc.ConnectionImpl@64eb02d4
2023-08-25T09:21:58.553+05:30  INFO 9688 --- [restartedMain] com.zaxxer.hikari.HikariDataSource       : HikariPool-1 - Start completed.
2023-08-25T09:21:59.134+05:30  INFO 9688 --- [restartedMain] o.h.b.i.BytecodeProviderInitiator        : HHH000021: Bytecode provider name : bytebuddy
2023-08-25T09:22:00.121+05:30  INFO 9688 --- [restartedMain] o.h.e.t.j.p.i.JtaPlatformInitiator       : HHH000490: Using JtaPlatform implementation: [org.hibernate.engine.transaction.jta.platform.internal.NoJtaPlatform]
2023-08-25T09:22:01.121+05:30  INFO 9688 --- [restartedMain] j.LocalContainerEntityManagerFactoryBean : Initialized JPA EntityManagerFactory for persistence unit 'default'
2023-08-25T09:22:01.726+05:30  WARN 9688 --- [restartedMain] ConfigServletWebServerApplicationContext : Exception encountered during context initialization - cancelling refresh attempt: org.springframework.beans.factory.UnsatisfiedDependencyException: Error creating bean with name 'deviceController': Unsatisfied dependency expressed through field 'devicesService': Error creating bean with name 'deviceService' defined in file [C:\Users\Admin\eclipse-workspace\STS\Vali_Sign_Project\target\classes\com\ideabytes\service\DeviceService.class]: Failed to instantiate [com.ideabytes.service.DeviceService]: Constructor threw exception
2023-08-25T09:22:01.727+05:30  INFO 9688 --- [restartedMain] j.LocalContainerEntityManagerFactoryBean : Closing JPA EntityManagerFactory for persistence unit 'default'
2023-08-25T09:22:01.732+05:30  INFO 9688 --- [restartedMain] com.zaxxer.hikari.HikariDataSource       : HikariPool-1 - Shutdown initiated...
2023-08-25T09:22:01.744+05:30  INFO 9688 --- [restartedMain] com.zaxxer.hikari.HikariDataSource       : HikariPool-1 - Shutdown completed.
2023-08-25T09:22:01.747+05:30  INFO 9688 --- [restartedMain] o.apache.catalina.core.StandardService   : Stopping service [Tomcat]
2023-08-25T09:22:01.766+05:30  INFO 9688 --- [restartedMain] .s.b.a.l.ConditionEvaluationReportLogger : 

Error starting ApplicationContext. To display the condition evaluation report re-run your application with 'debug' enabled.
2023-08-25T09:22:01.799+05:30 ERROR 9688 --- [restartedMain] o.s.boot.SpringApplication               : Application run failed

org.springframework.beans.factory.UnsatisfiedDependencyException: Error creating bean with name 'deviceController': Unsatisfied dependency expressed through field 'devicesService': Error creating bean with name 'deviceService' defined in file [C:\Users\Admin\eclipse-workspace\STS\Vali_Sign_Project\target\classes\com\ideabytes\service\DeviceService.class]: Failed to instantiate [com.ideabytes.service.DeviceService]: Constructor threw exception
	at org.springframework.beans.factory.annotation.AutowiredAnnotationBeanPostProcessor$AutowiredFieldElement.resolveFieldValue(AutowiredAnnotationBeanPostProcessor.java:714) ~[spring-beans-6.0.10.jar:6.0.10]
	at org.springframework.beans.factory.annotation.AutowiredAnnotationBeanPostProcessor$AutowiredFieldElement.inject(AutowiredAnnotationBeanPostProcessor.java:694) ~[spring-beans-6.0.10.jar:6.0.10]
	at org.springframework.beans.factory.annotation.InjectionMetadata.inject(InjectionMetadata.java:145) ~[spring-beans-6.0.10.jar:6.0.10]
	at org.springframework.beans.factory.annotation.AutowiredAnnotationBeanPostProcessor.postProcessProperties(AutowiredAnnotationBeanPostProcessor.java:483) ~[spring-beans-6.0.10.jar:6.0.10]
	at org.springframework.beans.factory.support.AbstractAutowireCapableBeanFactory.populateBean(AbstractAutowireCapableBeanFactory.java:1416) ~[spring-beans-6.0.10.jar:6.0.10]
	at org.springframework.beans.factory.support.AbstractAutowireCapableBeanFactory.doCreateBean(AbstractAutowireCapableBeanFactory.java:597) ~[spring-beans-6.0.10.jar:6.0.10]
	at org.springframework.beans.factory.support.AbstractAutowireCapableBeanFactory.createBean(AbstractAutowireCapableBeanFactory.java:520) ~[spring-beans-6.0.10.jar:6.0.10]
	at org.springframework.beans.factory.support.AbstractBeanFactory.lambda$doGetBean$0(AbstractBeanFactory.java:326) ~[spring-beans-6.0.10.jar:6.0.10]
	at org.springframework.beans.factory.support.DefaultSingletonBeanRegistry.getSingleton(DefaultSingletonBeanRegistry.java:234) ~[spring-beans-6.0.10.jar:6.0.10]
	at org.springframework.beans.factory.support.AbstractBeanFactory.doGetBean(AbstractBeanFactory.java:324) ~[spring-beans-6.0.10.jar:6.0.10]
	at org.springframework.beans.factory.support.AbstractBeanFactory.getBean(AbstractBeanFactory.java:200) ~[spring-beans-6.0.10.jar:6.0.10]
	at org.springframework.beans.factory.support.DefaultListableBeanFactory.preInstantiateSingletons(DefaultListableBeanFactory.java:973) ~[spring-beans-6.0.10.jar:6.0.10]
	at org.springframework.context.support.AbstractApplicationContext.finishBeanFactoryInitialization(AbstractApplicationContext.java:941) ~[spring-context-6.0.10.jar:6.0.10]
	at org.springframework.context.support.AbstractApplicationContext.refresh(AbstractApplicationContext.java:608) ~[spring-context-6.0.10.jar:6.0.10]
	at org.springframework.boot.web.servlet.context.ServletWebServerApplicationContext.refresh(ServletWebServerApplicationContext.java:146) ~[spring-boot-3.1.1.jar:3.1.1]
	at org.springframework.boot.SpringApplication.refresh(SpringApplication.java:734) ~[spring-boot-3.1.1.jar:3.1.1]
	at org.springframework.boot.SpringApplication.refreshContext(SpringApplication.java:436) ~[spring-boot-3.1.1.jar:3.1.1]
	at org.springframework.boot.SpringApplication.run(SpringApplication.java:312) ~[spring-boot-3.1.1.jar:3.1.1]
	at org.springframework.boot.SpringApplication.run(SpringApplication.java:1306) ~[spring-boot-3.1.1.jar:3.1.1]
	at org.springframework.boot.SpringApplication.run(SpringApplication.java:1295) ~[spring-boot-3.1.1.jar:3.1.1]
	at com.ideabytes.ValiSignProjectApplication.main(ValiSignProjectApplication.java:17) ~[classes/:na]
	at java.base/jdk.internal.reflect.NativeMethodAccessorImpl.invoke0(Native Method) ~[na:na]
	at java.base/jdk.internal.reflect.NativeMethodAccessorImpl.invoke(NativeMethodAccessorImpl.java:77) ~[na:na]
	at java.base/jdk.internal.reflect.DelegatingMethodAccessorImpl.invoke(DelegatingMethodAccessorImpl.java:43) ~[na:na]
	at java.base/java.lang.reflect.Method.invoke(Method.java:568) ~[na:na]
	at org.springframework.boot.devtools.restart.RestartLauncher.run(RestartLauncher.java:50) ~[spring-boot-devtools-3.1.1.jar:3.1.1]
Caused by: org.springframework.beans.factory.BeanCreationException: Error creating bean with name 'deviceService' defined in file [C:\Users\Admin\eclipse-workspace\STS\Vali_Sign_Project\target\classes\com\ideabytes\service\DeviceService.class]: Failed to instantiate [com.ideabytes.service.DeviceService]: Constructor threw exception
	at org.springframework.beans.factory.support.AbstractAutowireCapableBeanFactory.instantiateBean(AbstractAutowireCapableBeanFactory.java:1314) ~[spring-beans-6.0.10.jar:6.0.10]
	at org.springframework.beans.factory.support.AbstractAutowireCapableBeanFactory.createBeanInstance(AbstractAutowireCapableBeanFactory.java:1199) ~[spring-beans-6.0.10.jar:6.0.10]
	at org.springframework.beans.factory.support.AbstractAutowireCapableBeanFactory.doCreateBean(AbstractAutowireCapableBeanFactory.java:560) ~[spring-beans-6.0.10.jar:6.0.10]
	at org.springframework.beans.factory.support.AbstractAutowireCapableBeanFactory.createBean(AbstractAutowireCapableBeanFactory.java:520) ~[spring-beans-6.0.10.jar:6.0.10]
	at org.springframework.beans.factory.support.AbstractBeanFactory.lambda$doGetBean$0(AbstractBeanFactory.java:326) ~[spring-beans-6.0.10.jar:6.0.10]
	at org.springframework.beans.factory.support.DefaultSingletonBeanRegistry.getSingleton(DefaultSingletonBeanRegistry.java:234) ~[spring-beans-6.0.10.jar:6.0.10]
	at org.springframework.beans.factory.support.AbstractBeanFactory.doGetBean(AbstractBeanFactory.java:324) ~[spring-beans-6.0.10.jar:6.0.10]
	at org.springframework.beans.factory.support.AbstractBeanFactory.getBean(AbstractBeanFactory.java:200) ~[spring-beans-6.0.10.jar:6.0.10]
	at org.springframework.beans.factory.config.DependencyDescriptor.resolveCandidate(DependencyDescriptor.java:254) ~[spring-beans-6.0.10.jar:6.0.10]
	at org.springframework.beans.factory.support.DefaultListableBeanFactory.doResolveDependency(DefaultListableBeanFactory.java:1417) ~[spring-beans-6.0.10.jar:6.0.10]
	at org.springframework.beans.factory.support.DefaultListableBeanFactory.resolveDependency(DefaultListableBeanFactory.java:1337) ~[spring-beans-6.0.10.jar:6.0.10]
	at org.springframework.beans.factory.annotation.AutowiredAnnotationBeanPostProcessor$AutowiredFieldElement.resolveFieldValue(AutowiredAnnotationBeanPostProcessor.java:711) ~[spring-beans-6.0.10.jar:6.0.10]
	... 25 common frames omitted
Caused by: org.springframework.beans.BeanInstantiationException: Failed to instantiate [com.ideabytes.service.DeviceService]: Constructor threw exception
	at org.springframework.beans.BeanUtils.instantiateClass(BeanUtils.java:224) ~[spring-beans-6.0.10.jar:6.0.10]
	at org.springframework.beans.factory.support.SimpleInstantiationStrategy.instantiate(SimpleInstantiationStrategy.java:87) ~[spring-beans-6.0.10.jar:6.0.10]
	at org.springframework.beans.factory.support.AbstractAutowireCapableBeanFactory.instantiateBean(AbstractAutowireCapableBeanFactory.java:1308) ~[spring-beans-6.0.10.jar:6.0.10]
	... 36 common frames omitted
Caused by: java.lang.Error: Unresolved compilation problem: 
	Syntax error on token "}", delete this token

	at com.ideabytes.service.DeviceService.<init>(DeviceService.java:49) ~[classes/:na]
	at java.base/jdk.internal.reflect.NativeConstructorAccessorImpl.newInstance0(Native Method) ~[na:na]
	at java.base/jdk.internal.reflect.NativeConstructorAccessorImpl.newInstance(NativeConstructorAccessorImpl.java:77) ~[na:na]
	at java.base/jdk.internal.reflect.DelegatingConstructorAccessorImpl.newInstance(DelegatingConstructorAccessorImpl.java:45) ~[na:na]
	at java.base/java.lang.reflect.Constructor.newInstanceWithCaller(Constructor.java:499) ~[na:na]
	at java.base/java.lang.reflect.Constructor.newInstance(Constructor.java:480) ~[na:na]
	at org.springframework.beans.BeanUtils.instantiateClass(BeanUtils.java:198) ~[spring-beans-6.0.10.jar:6.0.10]
	... 38 common frames omitted

2023-08-25T09:22:58.784+05:30  INFO 2372 --- [restartedMain] c.ideabytes.ValiSignProjectApplication   : Starting ValiSignProjectApplication using Java 17.0.7 with PID 2372 (C:\Users\Admin\eclipse-workspace\STS\Vali_Sign_Project\target\classes started by Admin in C:\Users\Admin\eclipse-workspace\STS\Vali_Sign_Project)
2023-08-25T09:22:58.788+05:30  INFO 2372 --- [restartedMain] c.ideabytes.ValiSignProjectApplication   : No active profile set, falling back to 1 default profile: "default"
2023-08-25T09:22:58.919+05:30  INFO 2372 --- [restartedMain] .e.DevToolsPropertyDefaultsPostProcessor : Devtools property defaults active! Set 'spring.devtools.add-properties' to 'false' to disable
2023-08-25T09:22:58.919+05:30  INFO 2372 --- [restartedMain] .e.DevToolsPropertyDefaultsPostProcessor : For additional web related logging consider setting the 'logging.level.web' property to 'DEBUG'
2023-08-25T09:22:59.802+05:30  INFO 2372 --- [restartedMain] .s.d.r.c.RepositoryConfigurationDelegate : Bootstrapping Spring Data JPA repositories in DEFAULT mode.
2023-08-25T09:22:59.901+05:30  INFO 2372 --- [restartedMain] .s.d.r.c.RepositoryConfigurationDelegate : Finished Spring Data repository scanning in 86 ms. Found 4 JPA repository interfaces.
2023-08-25T09:23:00.592+05:30  INFO 2372 --- [restartedMain] o.s.b.w.embedded.tomcat.TomcatWebServer  : Tomcat initialized with port(s): 1000 (http)
2023-08-25T09:23:00.606+05:30  INFO 2372 --- [restartedMain] o.apache.catalina.core.StandardService   : Starting service [Tomcat]
2023-08-25T09:23:00.607+05:30  INFO 2372 --- [restartedMain] o.apache.catalina.core.StandardEngine    : Starting Servlet engine: [Apache Tomcat/10.1.10]
2023-08-25T09:23:00.710+05:30  INFO 2372 --- [restartedMain] o.a.c.c.C.[.[localhost].[/api/vs]        : Initializing Spring embedded WebApplicationContext
2023-08-25T09:23:00.711+05:30  INFO 2372 --- [restartedMain] w.s.c.ServletWebServerApplicationContext : Root WebApplicationContext: initialization completed in 1791 ms
2023-08-25T09:23:00.903+05:30  INFO 2372 --- [restartedMain] o.hibernate.jpa.internal.util.LogHelper  : HHH000204: Processing PersistenceUnitInfo [name: default]
2023-08-25T09:23:00.989+05:30  INFO 2372 --- [restartedMain] org.hibernate.Version                    : HHH000412: Hibernate ORM core version 6.2.5.Final
2023-08-25T09:23:00.993+05:30  INFO 2372 --- [restartedMain] org.hibernate.cfg.Environment            : HHH000406: Using bytecode reflection optimizer
2023-08-25T09:23:01.208+05:30  INFO 2372 --- [restartedMain] o.h.b.i.BytecodeProviderInitiator        : HHH000021: Bytecode provider name : bytebuddy
2023-08-25T09:23:01.409+05:30  INFO 2372 --- [restartedMain] o.s.o.j.p.SpringPersistenceUnitInfo      : No LoadTimeWeaver setup: ignoring JPA class transformer
2023-08-25T09:23:01.435+05:30  INFO 2372 --- [restartedMain] com.zaxxer.hikari.HikariDataSource       : HikariPool-1 - Starting...
2023-08-25T09:23:01.838+05:30  INFO 2372 --- [restartedMain] com.zaxxer.hikari.pool.HikariPool        : HikariPool-1 - Added connection com.mysql.cj.jdbc.ConnectionImpl@1e58f645
2023-08-25T09:23:01.841+05:30  INFO 2372 --- [restartedMain] com.zaxxer.hikari.HikariDataSource       : HikariPool-1 - Start completed.
2023-08-25T09:23:02.267+05:30  INFO 2372 --- [restartedMain] o.h.b.i.BytecodeProviderInitiator        : HHH000021: Bytecode provider name : bytebuddy
2023-08-25T09:23:03.100+05:30  INFO 2372 --- [restartedMain] o.h.e.t.j.p.i.JtaPlatformInitiator       : HHH000490: Using JtaPlatform implementation: [org.hibernate.engine.transaction.jta.platform.internal.NoJtaPlatform]
2023-08-25T09:23:03.480+05:30  INFO 2372 --- [restartedMain] j.LocalContainerEntityManagerFactoryBean : Initialized JPA EntityManagerFactory for persistence unit 'default'
2023-08-25T09:23:04.038+05:30  WARN 2372 --- [restartedMain] JpaBaseConfiguration$JpaWebConfiguration : spring.jpa.open-in-view is enabled by default. Therefore, database queries may be performed during view rendering. Explicitly configure spring.jpa.open-in-view to disable this warning
2023-08-25T09:23:04.480+05:30  INFO 2372 --- [restartedMain] o.s.b.d.a.OptionalLiveReloadServer       : LiveReload server is running on port 35729
2023-08-25T09:23:04.545+05:30  INFO 2372 --- [restartedMain] o.s.b.w.embedded.tomcat.TomcatWebServer  : Tomcat started on port(s): 1000 (http) with context path '/api/vs'
2023-08-25T09:23:04.561+05:30  INFO 2372 --- [restartedMain] c.ideabytes.ValiSignProjectApplication   : Started ValiSignProjectApplication in 6.601 seconds (process running for 7.622)
2023-08-25T09:24:17.357+05:30  INFO 2372 --- [http-nio-1000-exec-1] o.a.c.c.C.[.[localhost].[/api/vs]        : Initializing Spring DispatcherServlet 'dispatcherServlet'
2023-08-25T09:24:17.358+05:30  INFO 2372 --- [http-nio-1000-exec-1] o.s.web.servlet.DispatcherServlet        : Initializing Servlet 'dispatcherServlet'
2023-08-25T09:24:17.361+05:30  INFO 2372 --- [http-nio-1000-exec-1] o.s.web.servlet.DispatcherServlet        : Completed initialization in 2 ms
2023-08-25T09:26:18.565+05:30  INFO 2372 --- [RMI TCP Connection(13)-127.0.0.1] inMXBeanRegistrar$SpringApplicationAdmin : Application shutdown requested.
2023-08-25T09:26:18.584+05:30  INFO 2372 --- [RMI TCP Connection(13)-127.0.0.1] o.apache.catalina.core.StandardService   : Stopping service [Tomcat]
2023-08-25T09:26:18.588+05:30  INFO 2372 --- [RMI TCP Connection(13)-127.0.0.1] o.a.c.c.C.[.[localhost].[/api/vs]        : Destroying Spring FrameworkServlet 'dispatcherServlet'
2023-08-25T09:26:18.600+05:30  INFO 2372 --- [RMI TCP Connection(13)-127.0.0.1] j.LocalContainerEntityManagerFactoryBean : Closing JPA EntityManagerFactory for persistence unit 'default'
2023-08-25T09:26:18.606+05:30  INFO 2372 --- [RMI TCP Connection(13)-127.0.0.1] com.zaxxer.hikari.HikariDataSource       : HikariPool-1 - Shutdown initiated...
2023-08-25T09:26:18.624+05:30  INFO 2372 --- [RMI TCP Connection(13)-127.0.0.1] com.zaxxer.hikari.HikariDataSource       : HikariPool-1 - Shutdown completed.
2023-08-25T09:26:55.985+05:30  INFO 15224 --- [restartedMain] c.ideabytes.ValiSignProjectApplication   : Starting ValiSignProjectApplication using Java 17.0.7 with PID 15224 (C:\Users\Admin\eclipse-workspace\STS\Vali_Sign_Project\target\classes started by Admin in C:\Users\Admin\eclipse-workspace\STS\Vali_Sign_Project)
2023-08-25T09:26:55.991+05:30  INFO 15224 --- [restartedMain] c.ideabytes.ValiSignProjectApplication   : No active profile set, falling back to 1 default profile: "default"
2023-08-25T09:26:56.178+05:30  INFO 15224 --- [restartedMain] .e.DevToolsPropertyDefaultsPostProcessor : Devtools property defaults active! Set 'spring.devtools.add-properties' to 'false' to disable
2023-08-25T09:26:56.182+05:30  INFO 15224 --- [restartedMain] .e.DevToolsPropertyDefaultsPostProcessor : For additional web related logging consider setting the 'logging.level.web' property to 'DEBUG'
2023-08-25T09:26:58.812+05:30  INFO 15224 --- [restartedMain] .s.d.r.c.RepositoryConfigurationDelegate : Bootstrapping Spring Data JPA repositories in DEFAULT mode.
2023-08-25T09:26:59.206+05:30  INFO 15224 --- [restartedMain] .s.d.r.c.RepositoryConfigurationDelegate : Finished Spring Data repository scanning in 327 ms. Found 4 JPA repository interfaces.
2023-08-25T09:27:02.162+05:30  INFO 15224 --- [restartedMain] o.s.b.w.embedded.tomcat.TomcatWebServer  : Tomcat initialized with port(s): 1000 (http)
2023-08-25T09:27:02.197+05:30  INFO 15224 --- [restartedMain] o.apache.catalina.core.StandardService   : Starting service [Tomcat]
2023-08-25T09:27:02.197+05:30  INFO 15224 --- [restartedMain] o.apache.catalina.core.StandardEngine    : Starting Servlet engine: [Apache Tomcat/10.1.10]
2023-08-25T09:27:02.547+05:30  INFO 15224 --- [restartedMain] o.a.c.c.C.[Tomcat].[localhost].[/]       : Initializing Spring embedded WebApplicationContext
2023-08-25T09:27:02.548+05:30  INFO 15224 --- [restartedMain] w.s.c.ServletWebServerApplicationContext : Root WebApplicationContext: initialization completed in 6365 ms
2023-08-25T09:27:03.112+05:30  INFO 15224 --- [restartedMain] o.hibernate.jpa.internal.util.LogHelper  : HHH000204: Processing PersistenceUnitInfo [name: default]
2023-08-25T09:27:03.347+05:30  INFO 15224 --- [restartedMain] org.hibernate.Version                    : HHH000412: Hibernate ORM core version 6.2.5.Final
2023-08-25T09:27:03.354+05:30  INFO 15224 --- [restartedMain] org.hibernate.cfg.Environment            : HHH000406: Using bytecode reflection optimizer
2023-08-25T09:27:03.934+05:30  INFO 15224 --- [restartedMain] o.h.b.i.BytecodeProviderInitiator        : HHH000021: Bytecode provider name : bytebuddy
2023-08-25T09:27:04.232+05:30  INFO 15224 --- [restartedMain] o.s.o.j.p.SpringPersistenceUnitInfo      : No LoadTimeWeaver setup: ignoring JPA class transformer
2023-08-25T09:27:04.271+05:30  INFO 15224 --- [restartedMain] com.zaxxer.hikari.HikariDataSource       : HikariPool-1 - Starting...
2023-08-25T09:27:04.834+05:30  INFO 15224 --- [restartedMain] com.zaxxer.hikari.pool.HikariPool        : HikariPool-1 - Added connection com.mysql.cj.jdbc.ConnectionImpl@11628963
2023-08-25T09:27:04.838+05:30  INFO 15224 --- [restartedMain] com.zaxxer.hikari.HikariDataSource       : HikariPool-1 - Start completed.
2023-08-25T09:27:05.575+05:30  INFO 15224 --- [restartedMain] o.h.b.i.BytecodeProviderInitiator        : HHH000021: Bytecode provider name : bytebuddy
2023-08-25T09:27:06.972+05:30  INFO 15224 --- [restartedMain] o.h.e.t.j.p.i.JtaPlatformInitiator       : HHH000490: Using JtaPlatform implementation: [org.hibernate.engine.transaction.jta.platform.internal.NoJtaPlatform]
2023-08-25T09:27:07.398+05:30  INFO 15224 --- [restartedMain] j.LocalContainerEntityManagerFactoryBean : Initialized JPA EntityManagerFactory for persistence unit 'default'
2023-08-25T09:27:08.253+05:30  WARN 15224 --- [restartedMain] JpaBaseConfiguration$JpaWebConfiguration : spring.jpa.open-in-view is enabled by default. Therefore, database queries may be performed during view rendering. Explicitly configure spring.jpa.open-in-view to disable this warning
2023-08-25T09:27:08.923+05:30  INFO 15224 --- [restartedMain] o.s.b.d.a.OptionalLiveReloadServer       : LiveReload server is running on port 35729
2023-08-25T09:27:09.004+05:30  INFO 15224 --- [restartedMain] o.s.b.w.embedded.tomcat.TomcatWebServer  : Tomcat started on port(s): 1000 (http) with context path ''
2023-08-25T09:27:09.025+05:30  INFO 15224 --- [restartedMain] c.ideabytes.ValiSignProjectApplication   : Started ValiSignProjectApplication in 15.76 seconds (process running for 18.568)
2023-08-25T09:27:12.760+05:30  INFO 15224 --- [http-nio-1000-exec-2] o.a.c.c.C.[Tomcat].[localhost].[/]       : Initializing Spring DispatcherServlet 'dispatcherServlet'
2023-08-25T09:27:12.760+05:30  INFO 15224 --- [http-nio-1000-exec-2] o.s.web.servlet.DispatcherServlet        : Initializing Servlet 'dispatcherServlet'
2023-08-25T09:27:12.763+05:30  INFO 15224 --- [http-nio-1000-exec-2] o.s.web.servlet.DispatcherServlet        : Completed initialization in 3 ms
2023-08-25T10:52:59.336+05:30 ERROR 15224 --- [http-nio-1000-exec-5] c.ideabytes.controller.AuthController    : {"errorCode":406,"error":"Cannot invoke \"com.ideabytes.binding.ClientEntity.toString()\" because \"optionalEntity\" is null","message":"Null pointer exception is raised"}
2023-08-25T10:54:30.843+05:30 ERROR 15224 --- [http-nio-1000-exec-8] c.ideabytes.controller.AuthController    : {"errorCode":406,"error":"Cannot invoke \"com.ideabytes.binding.ClientEntity.toString()\" because \"optionalEntity\" is null","message":"Null pointer exception is raised"}
2023-08-25T10:54:47.447+05:30  INFO 15224 --- [RMI TCP Connection(112)-127.0.0.1] inMXBeanRegistrar$SpringApplicationAdmin : Application shutdown requested.
2023-08-25T10:54:47.471+05:30  INFO 15224 --- [RMI TCP Connection(112)-127.0.0.1] o.apache.catalina.core.StandardService   : Stopping service [Tomcat]
2023-08-25T10:54:47.479+05:30  INFO 15224 --- [RMI TCP Connection(112)-127.0.0.1] o.a.c.c.C.[Tomcat].[localhost].[/]       : Destroying Spring FrameworkServlet 'dispatcherServlet'
2023-08-25T10:54:47.532+05:30  INFO 15224 --- [RMI TCP Connection(112)-127.0.0.1] j.LocalContainerEntityManagerFactoryBean : Closing JPA EntityManagerFactory for persistence unit 'default'
2023-08-25T10:54:47.547+05:30  INFO 15224 --- [RMI TCP Connection(112)-127.0.0.1] com.zaxxer.hikari.HikariDataSource       : HikariPool-1 - Shutdown initiated...
2023-08-25T10:54:47.585+05:30  INFO 15224 --- [RMI TCP Connection(112)-127.0.0.1] com.zaxxer.hikari.HikariDataSource       : HikariPool-1 - Shutdown completed.
2023-08-25T10:57:06.297+05:30  INFO 3292 --- [restartedMain] c.ideabytes.ValiSignProjectApplication   : Starting ValiSignProjectApplication using Java 17.0.7 with PID 3292 (C:\Users\Admin\eclipse-workspace\STS\Vali_Sign_Project\target\classes started by Admin in C:\Users\Admin\eclipse-workspace\STS\Vali_Sign_Project)
2023-08-25T10:57:06.302+05:30  INFO 3292 --- [restartedMain] c.ideabytes.ValiSignProjectApplication   : No active profile set, falling back to 1 default profile: "default"
2023-08-25T10:57:06.709+05:30  INFO 3292 --- [restartedMain] .e.DevToolsPropertyDefaultsPostProcessor : Devtools property defaults active! Set 'spring.devtools.add-properties' to 'false' to disable
2023-08-25T10:57:06.710+05:30  INFO 3292 --- [restartedMain] .e.DevToolsPropertyDefaultsPostProcessor : For additional web related logging consider setting the 'logging.level.web' property to 'DEBUG'
2023-08-25T10:57:08.568+05:30  INFO 3292 --- [restartedMain] .s.d.r.c.RepositoryConfigurationDelegate : Bootstrapping Spring Data JPA repositories in DEFAULT mode.
2023-08-25T10:57:08.780+05:30  INFO 3292 --- [restartedMain] .s.d.r.c.RepositoryConfigurationDelegate : Finished Spring Data repository scanning in 168 ms. Found 4 JPA repository interfaces.
2023-08-25T10:57:10.467+05:30  INFO 3292 --- [restartedMain] o.s.b.w.embedded.tomcat.TomcatWebServer  : Tomcat initialized with port(s): 1000 (http)
2023-08-25T10:57:10.514+05:30  INFO 3292 --- [restartedMain] o.apache.catalina.core.StandardService   : Starting service [Tomcat]
2023-08-25T10:57:10.516+05:30  INFO 3292 --- [restartedMain] o.apache.catalina.core.StandardEngine    : Starting Servlet engine: [Apache Tomcat/10.1.10]
2023-08-25T10:57:10.759+05:30  INFO 3292 --- [restartedMain] o.a.c.c.C.[Tomcat].[localhost].[/]       : Initializing Spring embedded WebApplicationContext
2023-08-25T10:57:10.762+05:30  INFO 3292 --- [restartedMain] w.s.c.ServletWebServerApplicationContext : Root WebApplicationContext: initialization completed in 4049 ms
2023-08-25T10:57:11.249+05:30  INFO 3292 --- [restartedMain] o.hibernate.jpa.internal.util.LogHelper  : HHH000204: Processing PersistenceUnitInfo [name: default]
2023-08-25T10:57:11.460+05:30  INFO 3292 --- [restartedMain] org.hibernate.Version                    : HHH000412: Hibernate ORM core version 6.2.5.Final
2023-08-25T10:57:11.473+05:30  INFO 3292 --- [restartedMain] org.hibernate.cfg.Environment            : HHH000406: Using bytecode reflection optimizer
2023-08-25T10:57:11.971+05:30  INFO 3292 --- [restartedMain] o.h.b.i.BytecodeProviderInitiator        : HHH000021: Bytecode provider name : bytebuddy
2023-08-25T10:57:12.449+05:30  INFO 3292 --- [restartedMain] o.s.o.j.p.SpringPersistenceUnitInfo      : No LoadTimeWeaver setup: ignoring JPA class transformer
2023-08-25T10:57:12.523+05:30  INFO 3292 --- [restartedMain] com.zaxxer.hikari.HikariDataSource       : HikariPool-1 - Starting...
2023-08-25T10:57:13.480+05:30  INFO 3292 --- [restartedMain] com.zaxxer.hikari.pool.HikariPool        : HikariPool-1 - Added connection com.mysql.cj.jdbc.ConnectionImpl@7410f1c8
2023-08-25T10:57:13.484+05:30  INFO 3292 --- [restartedMain] com.zaxxer.hikari.HikariDataSource       : HikariPool-1 - Start completed.
2023-08-25T10:57:14.481+05:30  INFO 3292 --- [restartedMain] o.h.b.i.BytecodeProviderInitiator        : HHH000021: Bytecode provider name : bytebuddy
2023-08-25T10:57:16.941+05:30  INFO 3292 --- [restartedMain] o.h.e.t.j.p.i.JtaPlatformInitiator       : HHH000490: Using JtaPlatform implementation: [org.hibernate.engine.transaction.jta.platform.internal.NoJtaPlatform]
2023-08-25T10:57:17.704+05:30  INFO 3292 --- [restartedMain] j.LocalContainerEntityManagerFactoryBean : Initialized JPA EntityManagerFactory for persistence unit 'default'
2023-08-25T10:57:19.153+05:30  WARN 3292 --- [restartedMain] JpaBaseConfiguration$JpaWebConfiguration : spring.jpa.open-in-view is enabled by default. Therefore, database queries may be performed during view rendering. Explicitly configure spring.jpa.open-in-view to disable this warning
2023-08-25T10:57:20.165+05:30  INFO 3292 --- [restartedMain] o.s.b.d.a.OptionalLiveReloadServer       : LiveReload server is running on port 35729
2023-08-25T10:57:20.311+05:30  INFO 3292 --- [restartedMain] o.s.b.w.embedded.tomcat.TomcatWebServer  : Tomcat started on port(s): 1000 (http) with context path ''
2023-08-25T10:57:20.349+05:30  INFO 3292 --- [restartedMain] c.ideabytes.ValiSignProjectApplication   : Started ValiSignProjectApplication in 15.812 seconds (process running for 18.56)
2023-08-25T10:57:24.392+05:30  INFO 3292 --- [http-nio-1000-exec-1] o.a.c.c.C.[Tomcat].[localhost].[/]       : Initializing Spring DispatcherServlet 'dispatcherServlet'
2023-08-25T10:57:24.396+05:30  INFO 3292 --- [http-nio-1000-exec-1] o.s.web.servlet.DispatcherServlet        : Initializing Servlet 'dispatcherServlet'
2023-08-25T10:57:24.405+05:30  INFO 3292 --- [http-nio-1000-exec-1] o.s.web.servlet.DispatcherServlet        : Completed initialization in 6 ms
2023-08-25T10:57:25.129+05:30  INFO 3292 --- [http-nio-1000-exec-1] c.ideabytes.controller.AuthController    : {"data":"UsersEntity [id=19, userId=48887a82-9463-40f7-bb34-0dd152e802fb, name=aman, email=aman@gmail.com, password=mTRcLczS, phone=98765432, created=2023-08-25T10:57:24.956434, modified=2023-08-25T10:57:24.957432]","errorCode":"IBVS_CONFIG_SUCESS","message":"Data Inserted successfully","error":"NA","statusCode":200}
2023-08-25T10:58:08.487+05:30 ERROR 3292 --- [http-nio-1000-exec-2] o.a.c.c.C.[.[.[/].[dispatcherServlet]    : Servlet.service() for servlet [dispatcherServlet] in context with path [] threw exception [Request processing failed: java.lang.IllegalStateException: Ambiguous handler methods mapped for '/api/vs/users/48887a82-9463-40f7-bb34-0dd152e802fb': {public org.springframework.http.ResponseEntity com.ideabytes.controller.UserController.getByUserId(java.lang.String), public org.springframework.http.ResponseEntity com.ideabytes.controller.UserController.getById(java.lang.Integer)}] with root cause

java.lang.IllegalStateException: Ambiguous handler methods mapped for '/api/vs/users/48887a82-9463-40f7-bb34-0dd152e802fb': {public org.springframework.http.ResponseEntity com.ideabytes.controller.UserController.getByUserId(java.lang.String), public org.springframework.http.ResponseEntity com.ideabytes.controller.UserController.getById(java.lang.Integer)}
	at org.springframework.web.servlet.handler.AbstractHandlerMethodMapping.lookupHandlerMethod(AbstractHandlerMethodMapping.java:431) ~[spring-webmvc-6.0.10.jar:6.0.10]
	at org.springframework.web.servlet.handler.AbstractHandlerMethodMapping.getHandlerInternal(AbstractHandlerMethodMapping.java:382) ~[spring-webmvc-6.0.10.jar:6.0.10]
	at org.springframework.web.servlet.mvc.method.RequestMappingInfoHandlerMapping.getHandlerInternal(RequestMappingInfoHandlerMapping.java:126) ~[spring-webmvc-6.0.10.jar:6.0.10]
	at org.springframework.web.servlet.mvc.method.RequestMappingInfoHandlerMapping.getHandlerInternal(RequestMappingInfoHandlerMapping.java:68) ~[spring-webmvc-6.0.10.jar:6.0.10]
	at org.springframework.web.servlet.handler.AbstractHandlerMapping.getHandler(AbstractHandlerMapping.java:505) ~[spring-webmvc-6.0.10.jar:6.0.10]
	at org.springframework.web.servlet.DispatcherServlet.getHandler(DispatcherServlet.java:1275) ~[spring-webmvc-6.0.10.jar:6.0.10]
	at org.springframework.web.servlet.DispatcherServlet.doDispatch(DispatcherServlet.java:1057) ~[spring-webmvc-6.0.10.jar:6.0.10]
	at org.springframework.web.servlet.DispatcherServlet.doService(DispatcherServlet.java:974) ~[spring-webmvc-6.0.10.jar:6.0.10]
	at org.springframework.web.servlet.FrameworkServlet.processRequest(FrameworkServlet.java:1011) ~[spring-webmvc-6.0.10.jar:6.0.10]
	at org.springframework.web.servlet.FrameworkServlet.doGet(FrameworkServlet.java:903) ~[spring-webmvc-6.0.10.jar:6.0.10]
	at jakarta.servlet.http.HttpServlet.service(HttpServlet.java:564) ~[tomcat-embed-core-10.1.10.jar:6.0]
	at org.springframework.web.servlet.FrameworkServlet.service(FrameworkServlet.java:885) ~[spring-webmvc-6.0.10.jar:6.0.10]
	at jakarta.servlet.http.HttpServlet.service(HttpServlet.java:658) ~[tomcat-embed-core-10.1.10.jar:6.0]
	at org.apache.catalina.core.ApplicationFilterChain.internalDoFilter(ApplicationFilterChain.java:205) ~[tomcat-embed-core-10.1.10.jar:10.1.10]
	at org.apache.catalina.core.ApplicationFilterChain.doFilter(ApplicationFilterChain.java:149) ~[tomcat-embed-core-10.1.10.jar:10.1.10]
	at org.apache.tomcat.websocket.server.WsFilter.doFilter(WsFilter.java:51) ~[tomcat-embed-websocket-10.1.10.jar:10.1.10]
	at org.apache.catalina.core.ApplicationFilterChain.internalDoFilter(ApplicationFilterChain.java:174) ~[tomcat-embed-core-10.1.10.jar:10.1.10]
	at org.apache.catalina.core.ApplicationFilterChain.doFilter(ApplicationFilterChain.java:149) ~[tomcat-embed-core-10.1.10.jar:10.1.10]
	at org.springframework.web.filter.RequestContextFilter.doFilterInternal(RequestContextFilter.java:100) ~[spring-web-6.0.10.jar:6.0.10]
	at org.springframework.web.filter.OncePerRequestFilter.doFilter(OncePerRequestFilter.java:116) ~[spring-web-6.0.10.jar:6.0.10]
	at org.apache.catalina.core.ApplicationFilterChain.internalDoFilter(ApplicationFilterChain.java:174) ~[tomcat-embed-core-10.1.10.jar:10.1.10]
	at org.apache.catalina.core.ApplicationFilterChain.doFilter(ApplicationFilterChain.java:149) ~[tomcat-embed-core-10.1.10.jar:10.1.10]
	at org.springframework.web.filter.FormContentFilter.doFilterInternal(FormContentFilter.java:93) ~[spring-web-6.0.10.jar:6.0.10]
	at org.springframework.web.filter.OncePerRequestFilter.doFilter(OncePerRequestFilter.java:116) ~[spring-web-6.0.10.jar:6.0.10]
	at org.apache.catalina.core.ApplicationFilterChain.internalDoFilter(ApplicationFilterChain.java:174) ~[tomcat-embed-core-10.1.10.jar:10.1.10]
	at org.apache.catalina.core.ApplicationFilterChain.doFilter(ApplicationFilterChain.java:149) ~[tomcat-embed-core-10.1.10.jar:10.1.10]
	at org.springframework.web.filter.CharacterEncodingFilter.doFilterInternal(CharacterEncodingFilter.java:201) ~[spring-web-6.0.10.jar:6.0.10]
	at org.springframework.web.filter.OncePerRequestFilter.doFilter(OncePerRequestFilter.java:116) ~[spring-web-6.0.10.jar:6.0.10]
	at org.apache.catalina.core.ApplicationFilterChain.internalDoFilter(ApplicationFilterChain.java:174) ~[tomcat-embed-core-10.1.10.jar:10.1.10]
	at org.apache.catalina.core.ApplicationFilterChain.doFilter(ApplicationFilterChain.java:149) ~[tomcat-embed-core-10.1.10.jar:10.1.10]
	at org.apache.catalina.core.StandardWrapperValve.invoke(StandardWrapperValve.java:166) ~[tomcat-embed-core-10.1.10.jar:10.1.10]
	at org.apache.catalina.core.StandardContextValve.invoke(StandardContextValve.java:90) ~[tomcat-embed-core-10.1.10.jar:10.1.10]
	at org.apache.catalina.authenticator.AuthenticatorBase.invoke(AuthenticatorBase.java:482) ~[tomcat-embed-core-10.1.10.jar:10.1.10]
	at org.apache.catalina.core.StandardHostValve.invoke(StandardHostValve.java:115) ~[tomcat-embed-core-10.1.10.jar:10.1.10]
	at org.apache.catalina.valves.ErrorReportValve.invoke(ErrorReportValve.java:93) ~[tomcat-embed-core-10.1.10.jar:10.1.10]
	at org.apache.catalina.core.StandardEngineValve.invoke(StandardEngineValve.java:74) ~[tomcat-embed-core-10.1.10.jar:10.1.10]
	at org.apache.catalina.connector.CoyoteAdapter.service(CoyoteAdapter.java:341) ~[tomcat-embed-core-10.1.10.jar:10.1.10]
	at org.apache.coyote.http11.Http11Processor.service(Http11Processor.java:391) ~[tomcat-embed-core-10.1.10.jar:10.1.10]
	at org.apache.coyote.AbstractProcessorLight.process(AbstractProcessorLight.java:63) ~[tomcat-embed-core-10.1.10.jar:10.1.10]
	at org.apache.coyote.AbstractProtocol$ConnectionHandler.process(AbstractProtocol.java:894) ~[tomcat-embed-core-10.1.10.jar:10.1.10]
	at org.apache.tomcat.util.net.NioEndpoint$SocketProcessor.doRun(NioEndpoint.java:1741) ~[tomcat-embed-core-10.1.10.jar:10.1.10]
	at org.apache.tomcat.util.net.SocketProcessorBase.run(SocketProcessorBase.java:52) ~[tomcat-embed-core-10.1.10.jar:10.1.10]
	at org.apache.tomcat.util.threads.ThreadPoolExecutor.runWorker(ThreadPoolExecutor.java:1191) ~[tomcat-embed-core-10.1.10.jar:10.1.10]
	at org.apache.tomcat.util.threads.ThreadPoolExecutor$Worker.run(ThreadPoolExecutor.java:659) ~[tomcat-embed-core-10.1.10.jar:10.1.10]
	at org.apache.tomcat.util.threads.TaskThread$WrappingRunnable.run(TaskThread.java:61) ~[tomcat-embed-core-10.1.10.jar:10.1.10]
	at java.base/java.lang.Thread.run(Thread.java:833) ~[na:na]

2023-08-25T10:58:31.204+05:30  INFO 3292 --- [RMI TCP Connection(10)-127.0.0.1] inMXBeanRegistrar$SpringApplicationAdmin : Application shutdown requested.
2023-08-25T10:58:31.227+05:30  INFO 3292 --- [RMI TCP Connection(10)-127.0.0.1] o.apache.catalina.core.StandardService   : Stopping service [Tomcat]
2023-08-25T10:58:31.233+05:30  INFO 3292 --- [RMI TCP Connection(10)-127.0.0.1] o.a.c.c.C.[Tomcat].[localhost].[/]       : Destroying Spring FrameworkServlet 'dispatcherServlet'
2023-08-25T10:58:31.258+05:30  INFO 3292 --- [RMI TCP Connection(10)-127.0.0.1] j.LocalContainerEntityManagerFactoryBean : Closing JPA EntityManagerFactory for persistence unit 'default'
2023-08-25T10:58:31.268+05:30  INFO 3292 --- [RMI TCP Connection(10)-127.0.0.1] com.zaxxer.hikari.HikariDataSource       : HikariPool-1 - Shutdown initiated...
2023-08-25T10:58:31.327+05:30  INFO 3292 --- [RMI TCP Connection(10)-127.0.0.1] com.zaxxer.hikari.HikariDataSource       : HikariPool-1 - Shutdown completed.
2023-08-25T10:59:19.085+05:30  INFO 4932 --- [restartedMain] c.ideabytes.ValiSignProjectApplication   : Starting ValiSignProjectApplication using Java 17.0.7 with PID 4932 (C:\Users\Admin\eclipse-workspace\STS\Vali_Sign_Project\target\classes started by Admin in C:\Users\Admin\eclipse-workspace\STS\Vali_Sign_Project)
2023-08-25T10:59:19.137+05:30  INFO 4932 --- [restartedMain] c.ideabytes.ValiSignProjectApplication   : No active profile set, falling back to 1 default profile: "default"
2023-08-25T10:59:19.374+05:30  INFO 4932 --- [restartedMain] .e.DevToolsPropertyDefaultsPostProcessor : Devtools property defaults active! Set 'spring.devtools.add-properties' to 'false' to disable
2023-08-25T10:59:19.375+05:30  INFO 4932 --- [restartedMain] .e.DevToolsPropertyDefaultsPostProcessor : For additional web related logging consider setting the 'logging.level.web' property to 'DEBUG'
2023-08-25T10:59:21.092+05:30  INFO 4932 --- [restartedMain] .s.d.r.c.RepositoryConfigurationDelegate : Bootstrapping Spring Data JPA repositories in DEFAULT mode.
2023-08-25T10:59:21.330+05:30  INFO 4932 --- [restartedMain] .s.d.r.c.RepositoryConfigurationDelegate : Finished Spring Data repository scanning in 196 ms. Found 4 JPA repository interfaces.
2023-08-25T10:59:23.115+05:30  INFO 4932 --- [restartedMain] o.s.b.w.embedded.tomcat.TomcatWebServer  : Tomcat initialized with port(s): 1000 (http)
2023-08-25T10:59:23.164+05:30  INFO 4932 --- [restartedMain] o.apache.catalina.core.StandardService   : Starting service [Tomcat]
2023-08-25T10:59:23.166+05:30  INFO 4932 --- [restartedMain] o.apache.catalina.core.StandardEngine    : Starting Servlet engine: [Apache Tomcat/10.1.10]
2023-08-25T10:59:23.383+05:30  INFO 4932 --- [restartedMain] o.a.c.c.C.[Tomcat].[localhost].[/]       : Initializing Spring embedded WebApplicationContext
2023-08-25T10:59:23.385+05:30  INFO 4932 --- [restartedMain] w.s.c.ServletWebServerApplicationContext : Root WebApplicationContext: initialization completed in 4009 ms
2023-08-25T10:59:23.821+05:30  INFO 4932 --- [restartedMain] o.hibernate.jpa.internal.util.LogHelper  : HHH000204: Processing PersistenceUnitInfo [name: default]
2023-08-25T10:59:24.028+05:30  INFO 4932 --- [restartedMain] org.hibernate.Version                    : HHH000412: Hibernate ORM core version 6.2.5.Final
2023-08-25T10:59:24.044+05:30  INFO 4932 --- [restartedMain] org.hibernate.cfg.Environment            : HHH000406: Using bytecode reflection optimizer
2023-08-25T10:59:24.555+05:30  INFO 4932 --- [restartedMain] o.h.b.i.BytecodeProviderInitiator        : HHH000021: Bytecode provider name : bytebuddy
2023-08-25T10:59:25.027+05:30  INFO 4932 --- [restartedMain] o.s.o.j.p.SpringPersistenceUnitInfo      : No LoadTimeWeaver setup: ignoring JPA class transformer
2023-08-25T10:59:25.108+05:30  INFO 4932 --- [restartedMain] com.zaxxer.hikari.HikariDataSource       : HikariPool-1 - Starting...
2023-08-25T10:59:26.032+05:30  INFO 4932 --- [restartedMain] com.zaxxer.hikari.pool.HikariPool        : HikariPool-1 - Added connection com.mysql.cj.jdbc.ConnectionImpl@1f71499a
2023-08-25T10:59:26.037+05:30  INFO 4932 --- [restartedMain] com.zaxxer.hikari.HikariDataSource       : HikariPool-1 - Start completed.
2023-08-25T10:59:26.961+05:30  INFO 4932 --- [restartedMain] o.h.b.i.BytecodeProviderInitiator        : HHH000021: Bytecode provider name : bytebuddy
2023-08-25T10:59:29.216+05:30  INFO 4932 --- [restartedMain] o.h.e.t.j.p.i.JtaPlatformInitiator       : HHH000490: Using JtaPlatform implementation: [org.hibernate.engine.transaction.jta.platform.internal.NoJtaPlatform]
2023-08-25T10:59:29.769+05:30  INFO 4932 --- [restartedMain] j.LocalContainerEntityManagerFactoryBean : Initialized JPA EntityManagerFactory for persistence unit 'default'
2023-08-25T10:59:31.116+05:30  WARN 4932 --- [restartedMain] JpaBaseConfiguration$JpaWebConfiguration : spring.jpa.open-in-view is enabled by default. Therefore, database queries may be performed during view rendering. Explicitly configure spring.jpa.open-in-view to disable this warning
2023-08-25T10:59:32.254+05:30  INFO 4932 --- [restartedMain] o.s.b.d.a.OptionalLiveReloadServer       : LiveReload server is running on port 35729
2023-08-25T10:59:32.373+05:30  INFO 4932 --- [restartedMain] o.s.b.w.embedded.tomcat.TomcatWebServer  : Tomcat started on port(s): 1000 (http) with context path ''
2023-08-25T10:59:32.419+05:30  INFO 4932 --- [restartedMain] c.ideabytes.ValiSignProjectApplication   : Started ValiSignProjectApplication in 14.54 seconds (process running for 17.051)
2023-08-25T10:59:37.262+05:30  INFO 4932 --- [http-nio-1000-exec-1] o.a.c.c.C.[Tomcat].[localhost].[/]       : Initializing Spring DispatcherServlet 'dispatcherServlet'
2023-08-25T10:59:37.263+05:30  INFO 4932 --- [http-nio-1000-exec-1] o.s.web.servlet.DispatcherServlet        : Initializing Servlet 'dispatcherServlet'
2023-08-25T10:59:37.271+05:30  INFO 4932 --- [http-nio-1000-exec-1] o.s.web.servlet.DispatcherServlet        : Completed initialization in 6 ms
2023-08-25T11:09:33.043+05:30  INFO 4932 --- [File Watcher] rtingClassPathChangeChangedEventListener : Restarting due to 34 class path changes (0 additions, 34 deletions, 0 modifications)
2023-08-25T11:09:33.177+05:30  INFO 4932 --- [Thread-5] o.apache.catalina.core.StandardService   : Stopping service [Tomcat]
2023-08-25T11:09:33.179+05:30  INFO 4932 --- [Thread-5] o.a.c.c.C.[Tomcat].[localhost].[/]       : Destroying Spring FrameworkServlet 'dispatcherServlet'
2023-08-25T11:09:33.267+05:30  INFO 4932 --- [Thread-5] j.LocalContainerEntityManagerFactoryBean : Closing JPA EntityManagerFactory for persistence unit 'default'
2023-08-25T11:09:33.273+05:30  INFO 4932 --- [Thread-5] com.zaxxer.hikari.HikariDataSource       : HikariPool-1 - Shutdown initiated...
2023-08-25T11:09:33.322+05:30  INFO 4932 --- [Thread-5] com.zaxxer.hikari.HikariDataSource       : HikariPool-1 - Shutdown completed.
2023-08-25T11:09:58.867+05:30  INFO 5780 --- [restartedMain] c.ideabytes.ValiSignProjectApplication   : Starting ValiSignProjectApplication using Java 17.0.7 with PID 5780 (C:\Users\Admin\eclipse-workspace\STS\Vali_Sign_Project\target\classes started by Admin in C:\Users\Admin\eclipse-workspace\STS\Vali_Sign_Project)
2023-08-25T11:09:58.872+05:30  INFO 5780 --- [restartedMain] c.ideabytes.ValiSignProjectApplication   : No active profile set, falling back to 1 default profile: "default"
2023-08-25T11:09:59.048+05:30  INFO 5780 --- [restartedMain] .e.DevToolsPropertyDefaultsPostProcessor : Devtools property defaults active! Set 'spring.devtools.add-properties' to 'false' to disable
2023-08-25T11:09:59.049+05:30  INFO 5780 --- [restartedMain] .e.DevToolsPropertyDefaultsPostProcessor : For additional web related logging consider setting the 'logging.level.web' property to 'DEBUG'
2023-08-25T11:10:00.805+05:30  INFO 5780 --- [restartedMain] .s.d.r.c.RepositoryConfigurationDelegate : Bootstrapping Spring Data JPA repositories in DEFAULT mode.
2023-08-25T11:10:01.010+05:30  INFO 5780 --- [restartedMain] .s.d.r.c.RepositoryConfigurationDelegate : Finished Spring Data repository scanning in 173 ms. Found 4 JPA repository interfaces.
2023-08-25T11:10:02.890+05:30  INFO 5780 --- [restartedMain] o.s.b.w.embedded.tomcat.TomcatWebServer  : Tomcat initialized with port(s): 1000 (http)
2023-08-25T11:10:02.936+05:30  INFO 5780 --- [restartedMain] o.apache.catalina.core.StandardService   : Starting service [Tomcat]
2023-08-25T11:10:02.937+05:30  INFO 5780 --- [restartedMain] o.apache.catalina.core.StandardEngine    : Starting Servlet engine: [Apache Tomcat/10.1.10]
2023-08-25T11:10:03.202+05:30  INFO 5780 --- [restartedMain] o.a.c.c.C.[Tomcat].[localhost].[/]       : Initializing Spring embedded WebApplicationContext
2023-08-25T11:10:03.204+05:30  INFO 5780 --- [restartedMain] w.s.c.ServletWebServerApplicationContext : Root WebApplicationContext: initialization completed in 4153 ms
2023-08-25T11:10:03.695+05:30  INFO 5780 --- [restartedMain] o.hibernate.jpa.internal.util.LogHelper  : HHH000204: Processing PersistenceUnitInfo [name: default]
2023-08-25T11:10:03.910+05:30  INFO 5780 --- [restartedMain] org.hibernate.Version                    : HHH000412: Hibernate ORM core version 6.2.5.Final
2023-08-25T11:10:03.915+05:30  INFO 5780 --- [restartedMain] org.hibernate.cfg.Environment            : HHH000406: Using bytecode reflection optimizer
2023-08-25T11:10:04.424+05:30  INFO 5780 --- [restartedMain] o.h.b.i.BytecodeProviderInitiator        : HHH000021: Bytecode provider name : bytebuddy
2023-08-25T11:10:04.918+05:30  INFO 5780 --- [restartedMain] o.s.o.j.p.SpringPersistenceUnitInfo      : No LoadTimeWeaver setup: ignoring JPA class transformer
2023-08-25T11:10:04.997+05:30  INFO 5780 --- [restartedMain] com.zaxxer.hikari.HikariDataSource       : HikariPool-1 - Starting...
2023-08-25T11:10:06.647+05:30  INFO 5780 --- [restartedMain] com.zaxxer.hikari.pool.HikariPool        : HikariPool-1 - Added connection com.mysql.cj.jdbc.ConnectionImpl@4dd09c6d
2023-08-25T11:10:06.651+05:30  INFO 5780 --- [restartedMain] com.zaxxer.hikari.HikariDataSource       : HikariPool-1 - Start completed.
2023-08-25T11:10:08.053+05:30  INFO 5780 --- [restartedMain] o.h.b.i.BytecodeProviderInitiator        : HHH000021: Bytecode provider name : bytebuddy
2023-08-25T11:10:10.421+05:30  INFO 5780 --- [restartedMain] o.h.e.t.j.p.i.JtaPlatformInitiator       : HHH000490: Using JtaPlatform implementation: [org.hibernate.engine.transaction.jta.platform.internal.NoJtaPlatform]
2023-08-25T11:10:10.972+05:30  INFO 5780 --- [restartedMain] j.LocalContainerEntityManagerFactoryBean : Initialized JPA EntityManagerFactory for persistence unit 'default'
2023-08-25T11:10:12.426+05:30  WARN 5780 --- [restartedMain] ConfigServletWebServerApplicationContext : Exception encountered during context initialization - cancelling refresh attempt: org.springframework.beans.factory.UnsatisfiedDependencyException: Error creating bean with name 'configurationController': Unsatisfied dependency expressed through field 'configurationService': Error creating bean with name 'configurationService' defined in file [C:\Users\Admin\eclipse-workspace\STS\Vali_Sign_Project\target\classes\com\ideabytes\service\ConfigurationService.class]: Failed to instantiate [com.ideabytes.service.ConfigurationService]: Constructor threw exception
2023-08-25T11:10:12.428+05:30  INFO 5780 --- [restartedMain] j.LocalContainerEntityManagerFactoryBean : Closing JPA EntityManagerFactory for persistence unit 'default'
2023-08-25T11:10:12.435+05:30  INFO 5780 --- [restartedMain] com.zaxxer.hikari.HikariDataSource       : HikariPool-1 - Shutdown initiated...
2023-08-25T11:10:12.501+05:30  INFO 5780 --- [restartedMain] com.zaxxer.hikari.HikariDataSource       : HikariPool-1 - Shutdown completed.
2023-08-25T11:10:12.506+05:30  INFO 5780 --- [restartedMain] o.apache.catalina.core.StandardService   : Stopping service [Tomcat]
2023-08-25T11:10:12.534+05:30  INFO 5780 --- [restartedMain] .s.b.a.l.ConditionEvaluationReportLogger : 

Error starting ApplicationContext. To display the condition evaluation report re-run your application with 'debug' enabled.
2023-08-25T11:10:12.665+05:30 ERROR 5780 --- [restartedMain] o.s.boot.SpringApplication               : Application run failed

org.springframework.beans.factory.UnsatisfiedDependencyException: Error creating bean with name 'configurationController': Unsatisfied dependency expressed through field 'configurationService': Error creating bean with name 'configurationService' defined in file [C:\Users\Admin\eclipse-workspace\STS\Vali_Sign_Project\target\classes\com\ideabytes\service\ConfigurationService.class]: Failed to instantiate [com.ideabytes.service.ConfigurationService]: Constructor threw exception
	at org.springframework.beans.factory.annotation.AutowiredAnnotationBeanPostProcessor$AutowiredFieldElement.resolveFieldValue(AutowiredAnnotationBeanPostProcessor.java:714) ~[spring-beans-6.0.10.jar:6.0.10]
	at org.springframework.beans.factory.annotation.AutowiredAnnotationBeanPostProcessor$AutowiredFieldElement.inject(AutowiredAnnotationBeanPostProcessor.java:694) ~[spring-beans-6.0.10.jar:6.0.10]
	at org.springframework.beans.factory.annotation.InjectionMetadata.inject(InjectionMetadata.java:145) ~[spring-beans-6.0.10.jar:6.0.10]
	at org.springframework.beans.factory.annotation.AutowiredAnnotationBeanPostProcessor.postProcessProperties(AutowiredAnnotationBeanPostProcessor.java:483) ~[spring-beans-6.0.10.jar:6.0.10]
	at org.springframework.beans.factory.support.AbstractAutowireCapableBeanFactory.populateBean(AbstractAutowireCapableBeanFactory.java:1416) ~[spring-beans-6.0.10.jar:6.0.10]
	at org.springframework.beans.factory.support.AbstractAutowireCapableBeanFactory.doCreateBean(AbstractAutowireCapableBeanFactory.java:597) ~[spring-beans-6.0.10.jar:6.0.10]
	at org.springframework.beans.factory.support.AbstractAutowireCapableBeanFactory.createBean(AbstractAutowireCapableBeanFactory.java:520) ~[spring-beans-6.0.10.jar:6.0.10]
	at org.springframework.beans.factory.support.AbstractBeanFactory.lambda$doGetBean$0(AbstractBeanFactory.java:326) ~[spring-beans-6.0.10.jar:6.0.10]
	at org.springframework.beans.factory.support.DefaultSingletonBeanRegistry.getSingleton(DefaultSingletonBeanRegistry.java:234) ~[spring-beans-6.0.10.jar:6.0.10]
	at org.springframework.beans.factory.support.AbstractBeanFactory.doGetBean(AbstractBeanFactory.java:324) ~[spring-beans-6.0.10.jar:6.0.10]
	at org.springframework.beans.factory.support.AbstractBeanFactory.getBean(AbstractBeanFactory.java:200) ~[spring-beans-6.0.10.jar:6.0.10]
	at org.springframework.beans.factory.support.DefaultListableBeanFactory.preInstantiateSingletons(DefaultListableBeanFactory.java:973) ~[spring-beans-6.0.10.jar:6.0.10]
	at org.springframework.context.support.AbstractApplicationContext.finishBeanFactoryInitialization(AbstractApplicationContext.java:941) ~[spring-context-6.0.10.jar:6.0.10]
	at org.springframework.context.support.AbstractApplicationContext.refresh(AbstractApplicationContext.java:608) ~[spring-context-6.0.10.jar:6.0.10]
	at org.springframework.boot.web.servlet.context.ServletWebServerApplicationContext.refresh(ServletWebServerApplicationContext.java:146) ~[spring-boot-3.1.1.jar:3.1.1]
	at org.springframework.boot.SpringApplication.refresh(SpringApplication.java:734) ~[spring-boot-3.1.1.jar:3.1.1]
	at org.springframework.boot.SpringApplication.refreshContext(SpringApplication.java:436) ~[spring-boot-3.1.1.jar:3.1.1]
	at org.springframework.boot.SpringApplication.run(SpringApplication.java:312) ~[spring-boot-3.1.1.jar:3.1.1]
	at org.springframework.boot.SpringApplication.run(SpringApplication.java:1306) ~[spring-boot-3.1.1.jar:3.1.1]
	at org.springframework.boot.SpringApplication.run(SpringApplication.java:1295) ~[spring-boot-3.1.1.jar:3.1.1]
	at com.ideabytes.ValiSignProjectApplication.main(ValiSignProjectApplication.java:17) ~[classes/:na]
	at java.base/jdk.internal.reflect.NativeMethodAccessorImpl.invoke0(Native Method) ~[na:na]
	at java.base/jdk.internal.reflect.NativeMethodAccessorImpl.invoke(NativeMethodAccessorImpl.java:77) ~[na:na]
	at java.base/jdk.internal.reflect.DelegatingMethodAccessorImpl.invoke(DelegatingMethodAccessorImpl.java:43) ~[na:na]
	at java.base/java.lang.reflect.Method.invoke(Method.java:568) ~[na:na]
	at org.springframework.boot.devtools.restart.RestartLauncher.run(RestartLauncher.java:50) ~[spring-boot-devtools-3.1.1.jar:3.1.1]
Caused by: org.springframework.beans.factory.BeanCreationException: Error creating bean with name 'configurationService' defined in file [C:\Users\Admin\eclipse-workspace\STS\Vali_Sign_Project\target\classes\com\ideabytes\service\ConfigurationService.class]: Failed to instantiate [com.ideabytes.service.ConfigurationService]: Constructor threw exception
	at org.springframework.beans.factory.support.AbstractAutowireCapableBeanFactory.instantiateBean(AbstractAutowireCapableBeanFactory.java:1314) ~[spring-beans-6.0.10.jar:6.0.10]
	at org.springframework.beans.factory.support.AbstractAutowireCapableBeanFactory.createBeanInstance(AbstractAutowireCapableBeanFactory.java:1199) ~[spring-beans-6.0.10.jar:6.0.10]
	at org.springframework.beans.factory.support.AbstractAutowireCapableBeanFactory.doCreateBean(AbstractAutowireCapableBeanFactory.java:560) ~[spring-beans-6.0.10.jar:6.0.10]
	at org.springframework.beans.factory.support.AbstractAutowireCapableBeanFactory.createBean(AbstractAutowireCapableBeanFactory.java:520) ~[spring-beans-6.0.10.jar:6.0.10]
	at org.springframework.beans.factory.support.AbstractBeanFactory.lambda$doGetBean$0(AbstractBeanFactory.java:326) ~[spring-beans-6.0.10.jar:6.0.10]
	at org.springframework.beans.factory.support.DefaultSingletonBeanRegistry.getSingleton(DefaultSingletonBeanRegistry.java:234) ~[spring-beans-6.0.10.jar:6.0.10]
	at org.springframework.beans.factory.support.AbstractBeanFactory.doGetBean(AbstractBeanFactory.java:324) ~[spring-beans-6.0.10.jar:6.0.10]
	at org.springframework.beans.factory.support.AbstractBeanFactory.getBean(AbstractBeanFactory.java:200) ~[spring-beans-6.0.10.jar:6.0.10]
	at org.springframework.beans.factory.config.DependencyDescriptor.resolveCandidate(DependencyDescriptor.java:254) ~[spring-beans-6.0.10.jar:6.0.10]
	at org.springframework.beans.factory.support.DefaultListableBeanFactory.doResolveDependency(DefaultListableBeanFactory.java:1417) ~[spring-beans-6.0.10.jar:6.0.10]
	at org.springframework.beans.factory.support.DefaultListableBeanFactory.resolveDependency(DefaultListableBeanFactory.java:1337) ~[spring-beans-6.0.10.jar:6.0.10]
	at org.springframework.beans.factory.annotation.AutowiredAnnotationBeanPostProcessor$AutowiredFieldElement.resolveFieldValue(AutowiredAnnotationBeanPostProcessor.java:711) ~[spring-beans-6.0.10.jar:6.0.10]
	... 25 common frames omitted
Caused by: org.springframework.beans.BeanInstantiationException: Failed to instantiate [com.ideabytes.service.ConfigurationService]: Constructor threw exception
	at org.springframework.beans.BeanUtils.instantiateClass(BeanUtils.java:224) ~[spring-beans-6.0.10.jar:6.0.10]
	at org.springframework.beans.factory.support.SimpleInstantiationStrategy.instantiate(SimpleInstantiationStrategy.java:87) ~[spring-beans-6.0.10.jar:6.0.10]
	at org.springframework.beans.factory.support.AbstractAutowireCapableBeanFactory.instantiateBean(AbstractAutowireCapableBeanFactory.java:1308) ~[spring-beans-6.0.10.jar:6.0.10]
	... 36 common frames omitted
Caused by: java.lang.Error: Unresolved compilation problems: 
	The import com.ideabytes.repository.ConfigureRepository cannot be resolved
	The import com.ideabytes.service.implementations cannot be resolved
	The import com.ideabytes.service.implementations cannot be resolved
	DatabaseServicesImpl cannot be resolved to a type
	EmailServiceImpl cannot be resolved to a type
	ConfigureRepository cannot be resolved to a type
	ANDROID_STRING cannot be resolved or is not a field
	IOS_APP_KEYSTRING cannot be resolved or is not a field
	ANDROID_APP_KEYSTRING cannot be resolved or is not a field
	ConfigureRepository cannot be resolved to a type
	CHECK_PHRASE cannot be resolved or is not a field
	ConfigureRepository cannot be resolved to a type
	DatabaseServicesImpl cannot be resolved to a type
	EmailServiceImpl cannot be resolved to a type

	at com.ideabytes.service.ConfigurationService.<init>(ConfigurationService.java:30) ~[classes/:na]
	at java.base/jdk.internal.reflect.NativeConstructorAccessorImpl.newInstance0(Native Method) ~[na:na]
	at java.base/jdk.internal.reflect.NativeConstructorAccessorImpl.newInstance(NativeConstructorAccessorImpl.java:77) ~[na:na]
	at java.base/jdk.internal.reflect.DelegatingConstructorAccessorImpl.newInstance(DelegatingConstructorAccessorImpl.java:45) ~[na:na]
	at java.base/java.lang.reflect.Constructor.newInstanceWithCaller(Constructor.java:499) ~[na:na]
	at java.base/java.lang.reflect.Constructor.newInstance(Constructor.java:480) ~[na:na]
	at org.springframework.beans.BeanUtils.instantiateClass(BeanUtils.java:198) ~[spring-beans-6.0.10.jar:6.0.10]
	... 38 common frames omitted

2023-08-25T11:25:44.744+05:30  INFO 1688 --- [restartedMain] c.ideabytes.ValiSignProjectApplication   : Starting ValiSignProjectApplication using Java 17.0.7 with PID 1688 (C:\Users\Admin\eclipse-workspace\STS\Vali_Sign_Project\target\classes started by Admin in C:\Users\Admin\eclipse-workspace\STS\Vali_Sign_Project)
2023-08-25T11:25:44.749+05:30  INFO 1688 --- [restartedMain] c.ideabytes.ValiSignProjectApplication   : No active profile set, falling back to 1 default profile: "default"
2023-08-25T11:25:44.897+05:30  INFO 1688 --- [restartedMain] .e.DevToolsPropertyDefaultsPostProcessor : Devtools property defaults active! Set 'spring.devtools.add-properties' to 'false' to disable
2023-08-25T11:25:44.900+05:30  INFO 1688 --- [restartedMain] .e.DevToolsPropertyDefaultsPostProcessor : For additional web related logging consider setting the 'logging.level.web' property to 'DEBUG'
2023-08-25T11:25:46.572+05:30  INFO 1688 --- [restartedMain] .s.d.r.c.RepositoryConfigurationDelegate : Bootstrapping Spring Data JPA repositories in DEFAULT mode.
2023-08-25T11:25:46.796+05:30  INFO 1688 --- [restartedMain] .s.d.r.c.RepositoryConfigurationDelegate : Finished Spring Data repository scanning in 182 ms. Found 5 JPA repository interfaces.
2023-08-25T11:25:48.648+05:30  INFO 1688 --- [restartedMain] o.s.b.w.embedded.tomcat.TomcatWebServer  : Tomcat initialized with port(s): 1000 (http)
2023-08-25T11:25:48.692+05:30  INFO 1688 --- [restartedMain] o.apache.catalina.core.StandardService   : Starting service [Tomcat]
2023-08-25T11:25:48.693+05:30  INFO 1688 --- [restartedMain] o.apache.catalina.core.StandardEngine    : Starting Servlet engine: [Apache Tomcat/10.1.10]
2023-08-25T11:25:49.137+05:30  INFO 1688 --- [restartedMain] o.a.c.c.C.[Tomcat].[localhost].[/]       : Initializing Spring embedded WebApplicationContext
2023-08-25T11:25:49.140+05:30  INFO 1688 --- [restartedMain] w.s.c.ServletWebServerApplicationContext : Root WebApplicationContext: initialization completed in 4234 ms
2023-08-25T11:25:49.599+05:30  INFO 1688 --- [restartedMain] o.hibernate.jpa.internal.util.LogHelper  : HHH000204: Processing PersistenceUnitInfo [name: default]
2023-08-25T11:25:49.809+05:30  INFO 1688 --- [restartedMain] org.hibernate.Version                    : HHH000412: Hibernate ORM core version 6.2.5.Final
2023-08-25T11:25:49.824+05:30  INFO 1688 --- [restartedMain] org.hibernate.cfg.Environment            : HHH000406: Using bytecode reflection optimizer
2023-08-25T11:25:50.462+05:30  INFO 1688 --- [restartedMain] o.h.b.i.BytecodeProviderInitiator        : HHH000021: Bytecode provider name : bytebuddy
2023-08-25T11:25:50.927+05:30  INFO 1688 --- [restartedMain] o.s.o.j.p.SpringPersistenceUnitInfo      : No LoadTimeWeaver setup: ignoring JPA class transformer
2023-08-25T11:25:51.003+05:30  INFO 1688 --- [restartedMain] com.zaxxer.hikari.HikariDataSource       : HikariPool-1 - Starting...
2023-08-25T11:25:51.894+05:30  INFO 1688 --- [restartedMain] com.zaxxer.hikari.pool.HikariPool        : HikariPool-1 - Added connection com.mysql.cj.jdbc.ConnectionImpl@3a737b5d
2023-08-25T11:25:51.898+05:30  INFO 1688 --- [restartedMain] com.zaxxer.hikari.HikariDataSource       : HikariPool-1 - Start completed.
2023-08-25T11:25:52.917+05:30  INFO 1688 --- [restartedMain] o.h.b.i.BytecodeProviderInitiator        : HHH000021: Bytecode provider name : bytebuddy
2023-08-25T11:25:55.069+05:30  INFO 1688 --- [restartedMain] o.h.e.t.j.p.i.JtaPlatformInitiator       : HHH000490: Using JtaPlatform implementation: [org.hibernate.engine.transaction.jta.platform.internal.NoJtaPlatform]
2023-08-25T11:25:55.587+05:30  INFO 1688 --- [restartedMain] j.LocalContainerEntityManagerFactoryBean : Initialized JPA EntityManagerFactory for persistence unit 'default'
2023-08-25T11:25:56.870+05:30  WARN 1688 --- [restartedMain] ConfigServletWebServerApplicationContext : Exception encountered during context initialization - cancelling refresh attempt: org.springframework.beans.factory.UnsatisfiedDependencyException: Error creating bean with name 'configurationController': Unsatisfied dependency expressed through field 'configurationService': Error creating bean with name 'configurationService': Unsatisfied dependency expressed through field 'mailService': Error creating bean with name 'emailServiceImpl': Unsatisfied dependency expressed through field 'emailSender': No qualifying bean of type 'org.springframework.mail.javamail.JavaMailSender' available: expected at least 1 bean which qualifies as autowire candidate. Dependency annotations: {@org.springframework.beans.factory.annotation.Autowired(required=true)}
2023-08-25T11:25:56.873+05:30  INFO 1688 --- [restartedMain] j.LocalContainerEntityManagerFactoryBean : Closing JPA EntityManagerFactory for persistence unit 'default'
2023-08-25T11:25:56.885+05:30  INFO 1688 --- [restartedMain] com.zaxxer.hikari.HikariDataSource       : HikariPool-1 - Shutdown initiated...
2023-08-25T11:25:56.944+05:30  INFO 1688 --- [restartedMain] com.zaxxer.hikari.HikariDataSource       : HikariPool-1 - Shutdown completed.
2023-08-25T11:25:56.949+05:30  INFO 1688 --- [restartedMain] o.apache.catalina.core.StandardService   : Stopping service [Tomcat]
2023-08-25T11:25:56.989+05:30  INFO 1688 --- [restartedMain] .s.b.a.l.ConditionEvaluationReportLogger : 

Error starting ApplicationContext. To display the condition evaluation report re-run your application with 'debug' enabled.
2023-08-25T11:25:57.235+05:30 ERROR 1688 --- [restartedMain] o.s.b.d.LoggingFailureAnalysisReporter   : 

***************************
APPLICATION FAILED TO START
***************************

Description:

Field emailSender in com.ideabytes.service.implementations.EmailServiceImpl required a bean of type 'org.springframework.mail.javamail.JavaMailSender' that could not be found.

The injection point has the following annotations:
	- @org.springframework.beans.factory.annotation.Autowired(required=true)


Action:

Consider defining a bean of type 'org.springframework.mail.javamail.JavaMailSender' in your configuration.

2023-08-25T11:27:39.487+05:30  INFO 8736 --- [restartedMain] c.ideabytes.ValiSignProjectApplication   : Starting ValiSignProjectApplication using Java 17.0.7 with PID 8736 (C:\Users\Admin\eclipse-workspace\STS\Vali_Sign_Project\target\classes started by Admin in C:\Users\Admin\eclipse-workspace\STS\Vali_Sign_Project)
2023-08-25T11:27:39.494+05:30  INFO 8736 --- [restartedMain] c.ideabytes.ValiSignProjectApplication   : No active profile set, falling back to 1 default profile: "default"
2023-08-25T11:27:39.710+05:30  INFO 8736 --- [restartedMain] .e.DevToolsPropertyDefaultsPostProcessor : Devtools property defaults active! Set 'spring.devtools.add-properties' to 'false' to disable
2023-08-25T11:27:39.710+05:30  INFO 8736 --- [restartedMain] .e.DevToolsPropertyDefaultsPostProcessor : For additional web related logging consider setting the 'logging.level.web' property to 'DEBUG'
2023-08-25T11:27:41.489+05:30  INFO 8736 --- [restartedMain] .s.d.r.c.RepositoryConfigurationDelegate : Bootstrapping Spring Data JPA repositories in DEFAULT mode.
2023-08-25T11:27:41.760+05:30  INFO 8736 --- [restartedMain] .s.d.r.c.RepositoryConfigurationDelegate : Finished Spring Data repository scanning in 223 ms. Found 5 JPA repository interfaces.
2023-08-25T11:27:44.364+05:30  INFO 8736 --- [restartedMain] o.s.b.w.embedded.tomcat.TomcatWebServer  : Tomcat initialized with port(s): 1000 (http)
2023-08-25T11:27:44.400+05:30  INFO 8736 --- [restartedMain] o.apache.catalina.core.StandardService   : Starting service [Tomcat]
2023-08-25T11:27:44.401+05:30  INFO 8736 --- [restartedMain] o.apache.catalina.core.StandardEngine    : Starting Servlet engine: [Apache Tomcat/10.1.10]
2023-08-25T11:27:44.649+05:30  INFO 8736 --- [restartedMain] o.a.c.c.C.[Tomcat].[localhost].[/]       : Initializing Spring embedded WebApplicationContext
2023-08-25T11:27:44.651+05:30  INFO 8736 --- [restartedMain] w.s.c.ServletWebServerApplicationContext : Root WebApplicationContext: initialization completed in 4939 ms
2023-08-25T11:27:45.116+05:30  INFO 8736 --- [restartedMain] o.hibernate.jpa.internal.util.LogHelper  : HHH000204: Processing PersistenceUnitInfo [name: default]
2023-08-25T11:27:45.332+05:30  INFO 8736 --- [restartedMain] org.hibernate.Version                    : HHH000412: Hibernate ORM core version 6.2.5.Final
2023-08-25T11:27:45.350+05:30  INFO 8736 --- [restartedMain] org.hibernate.cfg.Environment            : HHH000406: Using bytecode reflection optimizer
2023-08-25T11:27:45.861+05:30  INFO 8736 --- [restartedMain] o.h.b.i.BytecodeProviderInitiator        : HHH000021: Bytecode provider name : bytebuddy
2023-08-25T11:27:46.346+05:30  INFO 8736 --- [restartedMain] o.s.o.j.p.SpringPersistenceUnitInfo      : No LoadTimeWeaver setup: ignoring JPA class transformer
2023-08-25T11:27:46.421+05:30  INFO 8736 --- [restartedMain] com.zaxxer.hikari.HikariDataSource       : HikariPool-1 - Starting...
2023-08-25T11:27:47.784+05:30  INFO 8736 --- [restartedMain] com.zaxxer.hikari.pool.HikariPool        : HikariPool-1 - Added connection com.mysql.cj.jdbc.ConnectionImpl@1e457d09
2023-08-25T11:27:47.789+05:30  INFO 8736 --- [restartedMain] com.zaxxer.hikari.HikariDataSource       : HikariPool-1 - Start completed.
2023-08-25T11:27:48.715+05:30  INFO 8736 --- [restartedMain] o.h.b.i.BytecodeProviderInitiator        : HHH000021: Bytecode provider name : bytebuddy
2023-08-25T11:27:50.908+05:30  INFO 8736 --- [restartedMain] o.h.e.t.j.p.i.JtaPlatformInitiator       : HHH000490: Using JtaPlatform implementation: [org.hibernate.engine.transaction.jta.platform.internal.NoJtaPlatform]
2023-08-25T11:27:51.453+05:30  INFO 8736 --- [restartedMain] j.LocalContainerEntityManagerFactoryBean : Initialized JPA EntityManagerFactory for persistence unit 'default'
2023-08-25T11:27:52.681+05:30  WARN 8736 --- [restartedMain] ConfigServletWebServerApplicationContext : Exception encountered during context initialization - cancelling refresh attempt: org.springframework.beans.factory.UnsatisfiedDependencyException: Error creating bean with name 'configurationController': Unsatisfied dependency expressed through field 'configurationService': Error creating bean with name 'configurationService': Unsatisfied dependency expressed through field 'mailService': Error creating bean with name 'emailServiceImpl': Unsatisfied dependency expressed through field 'emailSender': No qualifying bean of type 'org.springframework.mail.javamail.JavaMailSender' available: expected at least 1 bean which qualifies as autowire candidate. Dependency annotations: {@org.springframework.beans.factory.annotation.Autowired(required=true)}
2023-08-25T11:27:52.682+05:30  INFO 8736 --- [restartedMain] j.LocalContainerEntityManagerFactoryBean : Closing JPA EntityManagerFactory for persistence unit 'default'
2023-08-25T11:27:52.705+05:30  INFO 8736 --- [restartedMain] com.zaxxer.hikari.HikariDataSource       : HikariPool-1 - Shutdown initiated...
2023-08-25T11:27:52.810+05:30  INFO 8736 --- [restartedMain] com.zaxxer.hikari.HikariDataSource       : HikariPool-1 - Shutdown completed.
2023-08-25T11:27:52.814+05:30  INFO 8736 --- [restartedMain] o.apache.catalina.core.StandardService   : Stopping service [Tomcat]
2023-08-25T11:27:52.841+05:30  INFO 8736 --- [restartedMain] .s.b.a.l.ConditionEvaluationReportLogger : 

Error starting ApplicationContext. To display the condition evaluation report re-run your application with 'debug' enabled.
2023-08-25T11:27:53.001+05:30 ERROR 8736 --- [restartedMain] o.s.b.d.LoggingFailureAnalysisReporter   : 

***************************
APPLICATION FAILED TO START
***************************

Description:

Field emailSender in com.ideabytes.service.implementations.EmailServiceImpl required a bean of type 'org.springframework.mail.javamail.JavaMailSender' that could not be found.

The injection point has the following annotations:
	- @org.springframework.beans.factory.annotation.Autowired(required=true)


Action:

Consider defining a bean of type 'org.springframework.mail.javamail.JavaMailSender' in your configuration.

2023-08-25T11:31:20.995+05:30  INFO 5608 --- [restartedMain] c.ideabytes.ValiSignProjectApplication   : Starting ValiSignProjectApplication using Java 17.0.7 with PID 5608 (C:\Users\Admin\eclipse-workspace\STS\Vali_Sign_Project\target\classes started by Admin in C:\Users\Admin\eclipse-workspace\STS\Vali_Sign_Project)
2023-08-25T11:31:21.002+05:30  INFO 5608 --- [restartedMain] c.ideabytes.ValiSignProjectApplication   : No active profile set, falling back to 1 default profile: "default"
2023-08-25T11:31:21.237+05:30  INFO 5608 --- [restartedMain] .e.DevToolsPropertyDefaultsPostProcessor : Devtools property defaults active! Set 'spring.devtools.add-properties' to 'false' to disable
2023-08-25T11:31:21.238+05:30  INFO 5608 --- [restartedMain] .e.DevToolsPropertyDefaultsPostProcessor : For additional web related logging consider setting the 'logging.level.web' property to 'DEBUG'
2023-08-25T11:31:23.114+05:30  INFO 5608 --- [restartedMain] .s.d.r.c.RepositoryConfigurationDelegate : Bootstrapping Spring Data JPA repositories in DEFAULT mode.
2023-08-25T11:31:23.358+05:30  INFO 5608 --- [restartedMain] .s.d.r.c.RepositoryConfigurationDelegate : Finished Spring Data repository scanning in 202 ms. Found 5 JPA repository interfaces.
2023-08-25T11:31:24.969+05:30  INFO 5608 --- [restartedMain] o.s.b.w.embedded.tomcat.TomcatWebServer  : Tomcat initialized with port(s): 1000 (http)
2023-08-25T11:31:25.012+05:30  INFO 5608 --- [restartedMain] o.apache.catalina.core.StandardService   : Starting service [Tomcat]
2023-08-25T11:31:25.014+05:30  INFO 5608 --- [restartedMain] o.apache.catalina.core.StandardEngine    : Starting Servlet engine: [Apache Tomcat/10.1.10]
2023-08-25T11:31:25.267+05:30  INFO 5608 --- [restartedMain] o.a.c.c.C.[Tomcat].[localhost].[/]       : Initializing Spring embedded WebApplicationContext
2023-08-25T11:31:25.269+05:30  INFO 5608 --- [restartedMain] w.s.c.ServletWebServerApplicationContext : Root WebApplicationContext: initialization completed in 4028 ms
2023-08-25T11:31:26.022+05:30  INFO 5608 --- [restartedMain] o.hibernate.jpa.internal.util.LogHelper  : HHH000204: Processing PersistenceUnitInfo [name: default]
2023-08-25T11:31:26.273+05:30  INFO 5608 --- [restartedMain] org.hibernate.Version                    : HHH000412: Hibernate ORM core version 6.2.5.Final
2023-08-25T11:31:26.288+05:30  INFO 5608 --- [restartedMain] org.hibernate.cfg.Environment            : HHH000406: Using bytecode reflection optimizer
2023-08-25T11:31:26.849+05:30  INFO 5608 --- [restartedMain] o.h.b.i.BytecodeProviderInitiator        : HHH000021: Bytecode provider name : bytebuddy
2023-08-25T11:31:27.369+05:30  INFO 5608 --- [restartedMain] o.s.o.j.p.SpringPersistenceUnitInfo      : No LoadTimeWeaver setup: ignoring JPA class transformer
2023-08-25T11:31:27.429+05:30  INFO 5608 --- [restartedMain] com.zaxxer.hikari.HikariDataSource       : HikariPool-1 - Starting...
2023-08-25T11:31:28.436+05:30  INFO 5608 --- [restartedMain] com.zaxxer.hikari.pool.HikariPool        : HikariPool-1 - Added connection com.mysql.cj.jdbc.ConnectionImpl@4c5f4e39
2023-08-25T11:31:28.441+05:30  INFO 5608 --- [restartedMain] com.zaxxer.hikari.HikariDataSource       : HikariPool-1 - Start completed.
2023-08-25T11:31:29.529+05:30  INFO 5608 --- [restartedMain] o.h.b.i.BytecodeProviderInitiator        : HHH000021: Bytecode provider name : bytebuddy
2023-08-25T11:31:31.793+05:30  INFO 5608 --- [restartedMain] o.h.e.t.j.p.i.JtaPlatformInitiator       : HHH000490: Using JtaPlatform implementation: [org.hibernate.engine.transaction.jta.platform.internal.NoJtaPlatform]
2023-08-25T11:31:32.366+05:30  INFO 5608 --- [restartedMain] j.LocalContainerEntityManagerFactoryBean : Initialized JPA EntityManagerFactory for persistence unit 'default'
2023-08-25T11:31:33.595+05:30  WARN 5608 --- [restartedMain] ConfigServletWebServerApplicationContext : Exception encountered during context initialization - cancelling refresh attempt: org.springframework.beans.factory.UnsatisfiedDependencyException: Error creating bean with name 'configurationController': Unsatisfied dependency expressed through field 'configurationService': Error creating bean with name 'configurationService': Unsatisfied dependency expressed through field 'mailService': Error creating bean with name 'emailServiceImpl': Unsatisfied dependency expressed through field 'emailSender': No qualifying bean of type 'org.springframework.mail.javamail.JavaMailSender' available: expected at least 1 bean which qualifies as autowire candidate. Dependency annotations: {@org.springframework.beans.factory.annotation.Autowired(required=true)}
2023-08-25T11:31:33.598+05:30  INFO 5608 --- [restartedMain] j.LocalContainerEntityManagerFactoryBean : Closing JPA EntityManagerFactory for persistence unit 'default'
2023-08-25T11:31:33.616+05:30  INFO 5608 --- [restartedMain] com.zaxxer.hikari.HikariDataSource       : HikariPool-1 - Shutdown initiated...
2023-08-25T11:31:33.640+05:30  INFO 5608 --- [restartedMain] com.zaxxer.hikari.HikariDataSource       : HikariPool-1 - Shutdown completed.
2023-08-25T11:31:33.645+05:30  INFO 5608 --- [restartedMain] o.apache.catalina.core.StandardService   : Stopping service [Tomcat]
2023-08-25T11:31:33.686+05:30  INFO 5608 --- [restartedMain] .s.b.a.l.ConditionEvaluationReportLogger : 

Error starting ApplicationContext. To display the condition evaluation report re-run your application with 'debug' enabled.
2023-08-25T11:31:33.852+05:30 ERROR 5608 --- [restartedMain] o.s.b.d.LoggingFailureAnalysisReporter   : 

***************************
APPLICATION FAILED TO START
***************************

Description:

Field emailSender in com.ideabytes.service.implementations.EmailServiceImpl required a bean of type 'org.springframework.mail.javamail.JavaMailSender' that could not be found.

The injection point has the following annotations:
	- @org.springframework.beans.factory.annotation.Autowired(required=true)


Action:

Consider defining a bean of type 'org.springframework.mail.javamail.JavaMailSender' in your configuration.

2023-08-25T11:34:12.085+05:30  INFO 3512 --- [restartedMain] c.ideabytes.ValiSignProjectApplication   : Starting ValiSignProjectApplication using Java 17.0.7 with PID 3512 (C:\Users\Admin\eclipse-workspace\STS\Vali_Sign_Project\target\classes started by Admin in C:\Users\Admin\eclipse-workspace\STS\Vali_Sign_Project)
2023-08-25T11:34:12.091+05:30  INFO 3512 --- [restartedMain] c.ideabytes.ValiSignProjectApplication   : No active profile set, falling back to 1 default profile: "default"
2023-08-25T11:34:12.322+05:30  INFO 3512 --- [restartedMain] .e.DevToolsPropertyDefaultsPostProcessor : Devtools property defaults active! Set 'spring.devtools.add-properties' to 'false' to disable
2023-08-25T11:34:12.323+05:30  INFO 3512 --- [restartedMain] .e.DevToolsPropertyDefaultsPostProcessor : For additional web related logging consider setting the 'logging.level.web' property to 'DEBUG'
2023-08-25T11:34:14.996+05:30  INFO 3512 --- [restartedMain] .s.d.r.c.RepositoryConfigurationDelegate : Bootstrapping Spring Data JPA repositories in DEFAULT mode.
2023-08-25T11:34:15.210+05:30  INFO 3512 --- [restartedMain] .s.d.r.c.RepositoryConfigurationDelegate : Finished Spring Data repository scanning in 171 ms. Found 5 JPA repository interfaces.
2023-08-25T11:34:16.820+05:30  INFO 3512 --- [restartedMain] o.s.b.w.embedded.tomcat.TomcatWebServer  : Tomcat initialized with port(s): 1000 (http)
2023-08-25T11:34:16.850+05:30  INFO 3512 --- [restartedMain] o.apache.catalina.core.StandardService   : Starting service [Tomcat]
2023-08-25T11:34:16.853+05:30  INFO 3512 --- [restartedMain] o.apache.catalina.core.StandardEngine    : Starting Servlet engine: [Apache Tomcat/10.1.10]
2023-08-25T11:34:17.109+05:30  INFO 3512 --- [restartedMain] o.a.c.c.C.[Tomcat].[localhost].[/]       : Initializing Spring embedded WebApplicationContext
2023-08-25T11:34:17.111+05:30  INFO 3512 --- [restartedMain] w.s.c.ServletWebServerApplicationContext : Root WebApplicationContext: initialization completed in 4786 ms
2023-08-25T11:34:17.584+05:30  INFO 3512 --- [restartedMain] o.hibernate.jpa.internal.util.LogHelper  : HHH000204: Processing PersistenceUnitInfo [name: default]
2023-08-25T11:34:17.802+05:30  INFO 3512 --- [restartedMain] org.hibernate.Version                    : HHH000412: Hibernate ORM core version 6.2.5.Final
2023-08-25T11:34:17.815+05:30  INFO 3512 --- [restartedMain] org.hibernate.cfg.Environment            : HHH000406: Using bytecode reflection optimizer
2023-08-25T11:34:18.321+05:30  INFO 3512 --- [restartedMain] o.h.b.i.BytecodeProviderInitiator        : HHH000021: Bytecode provider name : bytebuddy
2023-08-25T11:34:18.789+05:30  INFO 3512 --- [restartedMain] o.s.o.j.p.SpringPersistenceUnitInfo      : No LoadTimeWeaver setup: ignoring JPA class transformer
2023-08-25T11:34:18.866+05:30  INFO 3512 --- [restartedMain] com.zaxxer.hikari.HikariDataSource       : HikariPool-1 - Starting...
2023-08-25T11:34:20.021+05:30  INFO 3512 --- [restartedMain] com.zaxxer.hikari.pool.HikariPool        : HikariPool-1 - Added connection com.mysql.cj.jdbc.ConnectionImpl@1c0f3bb6
2023-08-25T11:34:20.026+05:30  INFO 3512 --- [restartedMain] com.zaxxer.hikari.HikariDataSource       : HikariPool-1 - Start completed.
2023-08-25T11:34:20.950+05:30  INFO 3512 --- [restartedMain] o.h.b.i.BytecodeProviderInitiator        : HHH000021: Bytecode provider name : bytebuddy
2023-08-25T11:34:23.354+05:30  INFO 3512 --- [restartedMain] o.h.e.t.j.p.i.JtaPlatformInitiator       : HHH000490: Using JtaPlatform implementation: [org.hibernate.engine.transaction.jta.platform.internal.NoJtaPlatform]
2023-08-25T11:34:23.872+05:30  INFO 3512 --- [restartedMain] j.LocalContainerEntityManagerFactoryBean : Initialized JPA EntityManagerFactory for persistence unit 'default'
2023-08-25T11:34:25.096+05:30  WARN 3512 --- [restartedMain] ConfigServletWebServerApplicationContext : Exception encountered during context initialization - cancelling refresh attempt: org.springframework.beans.factory.UnsatisfiedDependencyException: Error creating bean with name 'configurationController': Unsatisfied dependency expressed through field 'configurationService': Error creating bean with name 'configurationService': Unsatisfied dependency expressed through field 'mailService': Error creating bean with name 'emailServiceImpl': Unsatisfied dependency expressed through field 'emailSender': No qualifying bean of type 'org.springframework.mail.javamail.JavaMailSender' available: expected at least 1 bean which qualifies as autowire candidate. Dependency annotations: {@org.springframework.beans.factory.annotation.Autowired(required=true)}
2023-08-25T11:34:25.100+05:30  INFO 3512 --- [restartedMain] j.LocalContainerEntityManagerFactoryBean : Closing JPA EntityManagerFactory for persistence unit 'default'
2023-08-25T11:34:25.111+05:30  INFO 3512 --- [restartedMain] com.zaxxer.hikari.HikariDataSource       : HikariPool-1 - Shutdown initiated...
2023-08-25T11:34:25.164+05:30  INFO 3512 --- [restartedMain] com.zaxxer.hikari.HikariDataSource       : HikariPool-1 - Shutdown completed.
2023-08-25T11:34:25.168+05:30  INFO 3512 --- [restartedMain] o.apache.catalina.core.StandardService   : Stopping service [Tomcat]
2023-08-25T11:34:25.202+05:30  INFO 3512 --- [restartedMain] .s.b.a.l.ConditionEvaluationReportLogger : 

Error starting ApplicationContext. To display the condition evaluation report re-run your application with 'debug' enabled.
2023-08-25T11:34:25.343+05:30 ERROR 3512 --- [restartedMain] o.s.b.d.LoggingFailureAnalysisReporter   : 

***************************
APPLICATION FAILED TO START
***************************

Description:

Field emailSender in com.ideabytes.service.implementations.EmailServiceImpl required a bean of type 'org.springframework.mail.javamail.JavaMailSender' that could not be found.

The injection point has the following annotations:
	- @org.springframework.beans.factory.annotation.Autowired(required=true)


Action:

Consider defining a bean of type 'org.springframework.mail.javamail.JavaMailSender' in your configuration.

2023-08-25T11:38:19.513+05:30  INFO 8756 --- [restartedMain] c.ideabytes.ValiSignProjectApplication   : Starting ValiSignProjectApplication using Java 17.0.7 with PID 8756 (C:\Users\Admin\eclipse-workspace\STS\Vali_Sign_Project\target\classes started by Admin in C:\Users\Admin\eclipse-workspace\STS\Vali_Sign_Project)
2023-08-25T11:38:19.518+05:30  INFO 8756 --- [restartedMain] c.ideabytes.ValiSignProjectApplication   : No active profile set, falling back to 1 default profile: "default"
2023-08-25T11:38:19.674+05:30  INFO 8756 --- [restartedMain] .e.DevToolsPropertyDefaultsPostProcessor : Devtools property defaults active! Set 'spring.devtools.add-properties' to 'false' to disable
2023-08-25T11:38:19.675+05:30  INFO 8756 --- [restartedMain] .e.DevToolsPropertyDefaultsPostProcessor : For additional web related logging consider setting the 'logging.level.web' property to 'DEBUG'
2023-08-25T11:38:21.383+05:30  INFO 8756 --- [restartedMain] .s.d.r.c.RepositoryConfigurationDelegate : Bootstrapping Spring Data JPA repositories in DEFAULT mode.
2023-08-25T11:38:21.596+05:30  INFO 8756 --- [restartedMain] .s.d.r.c.RepositoryConfigurationDelegate : Finished Spring Data repository scanning in 166 ms. Found 5 JPA repository interfaces.
2023-08-25T11:38:23.191+05:30  INFO 8756 --- [restartedMain] o.s.b.w.embedded.tomcat.TomcatWebServer  : Tomcat initialized with port(s): 1000 (http)
2023-08-25T11:38:23.240+05:30  INFO 8756 --- [restartedMain] o.apache.catalina.core.StandardService   : Starting service [Tomcat]
2023-08-25T11:38:23.243+05:30  INFO 8756 --- [restartedMain] o.apache.catalina.core.StandardEngine    : Starting Servlet engine: [Apache Tomcat/10.1.10]
2023-08-25T11:38:23.458+05:30  INFO 8756 --- [restartedMain] o.a.c.c.C.[Tomcat].[localhost].[/]       : Initializing Spring embedded WebApplicationContext
2023-08-25T11:38:23.461+05:30  INFO 8756 --- [restartedMain] w.s.c.ServletWebServerApplicationContext : Root WebApplicationContext: initialization completed in 3784 ms
2023-08-25T11:38:23.995+05:30  INFO 8756 --- [restartedMain] o.hibernate.jpa.internal.util.LogHelper  : HHH000204: Processing PersistenceUnitInfo [name: default]
2023-08-25T11:38:24.412+05:30  INFO 8756 --- [restartedMain] org.hibernate.Version                    : HHH000412: Hibernate ORM core version 6.2.5.Final
2023-08-25T11:38:24.428+05:30  INFO 8756 --- [restartedMain] org.hibernate.cfg.Environment            : HHH000406: Using bytecode reflection optimizer
2023-08-25T11:38:24.945+05:30  INFO 8756 --- [restartedMain] o.h.b.i.BytecodeProviderInitiator        : HHH000021: Bytecode provider name : bytebuddy
2023-08-25T11:38:25.404+05:30  INFO 8756 --- [restartedMain] o.s.o.j.p.SpringPersistenceUnitInfo      : No LoadTimeWeaver setup: ignoring JPA class transformer
2023-08-25T11:38:25.458+05:30  INFO 8756 --- [restartedMain] com.zaxxer.hikari.HikariDataSource       : HikariPool-1 - Starting...
2023-08-25T11:38:26.447+05:30  INFO 8756 --- [restartedMain] com.zaxxer.hikari.pool.HikariPool        : HikariPool-1 - Added connection com.mysql.cj.jdbc.ConnectionImpl@2c957b7a
2023-08-25T11:38:26.451+05:30  INFO 8756 --- [restartedMain] com.zaxxer.hikari.HikariDataSource       : HikariPool-1 - Start completed.
2023-08-25T11:38:27.524+05:30  INFO 8756 --- [restartedMain] o.h.b.i.BytecodeProviderInitiator        : HHH000021: Bytecode provider name : bytebuddy
2023-08-25T11:38:29.645+05:30  INFO 8756 --- [restartedMain] o.h.e.t.j.p.i.JtaPlatformInitiator       : HHH000490: Using JtaPlatform implementation: [org.hibernate.engine.transaction.jta.platform.internal.NoJtaPlatform]
2023-08-25T11:38:30.215+05:30  INFO 8756 --- [restartedMain] j.LocalContainerEntityManagerFactoryBean : Initialized JPA EntityManagerFactory for persistence unit 'default'
2023-08-25T11:38:31.408+05:30  WARN 8756 --- [restartedMain] ConfigServletWebServerApplicationContext : Exception encountered during context initialization - cancelling refresh attempt: org.springframework.beans.factory.UnsatisfiedDependencyException: Error creating bean with name 'configurationController': Unsatisfied dependency expressed through field 'configurationService': Error creating bean with name 'configurationService': Unsatisfied dependency expressed through field 'mailService': Error creating bean with name 'emailServiceImpl': Unsatisfied dependency expressed through field 'emailSender': No qualifying bean of type 'org.springframework.mail.javamail.JavaMailSender' available: expected at least 1 bean which qualifies as autowire candidate. Dependency annotations: {@org.springframework.beans.factory.annotation.Autowired(required=true)}
2023-08-25T11:38:31.412+05:30  INFO 8756 --- [restartedMain] j.LocalContainerEntityManagerFactoryBean : Closing JPA EntityManagerFactory for persistence unit 'default'
2023-08-25T11:38:31.422+05:30  INFO 8756 --- [restartedMain] com.zaxxer.hikari.HikariDataSource       : HikariPool-1 - Shutdown initiated...
2023-08-25T11:38:31.474+05:30  INFO 8756 --- [restartedMain] com.zaxxer.hikari.HikariDataSource       : HikariPool-1 - Shutdown completed.
2023-08-25T11:38:31.478+05:30  INFO 8756 --- [restartedMain] o.apache.catalina.core.StandardService   : Stopping service [Tomcat]
2023-08-25T11:38:31.512+05:30  INFO 8756 --- [restartedMain] .s.b.a.l.ConditionEvaluationReportLogger : 

Error starting ApplicationContext. To display the condition evaluation report re-run your application with 'debug' enabled.
2023-08-25T11:38:31.627+05:30 ERROR 8756 --- [restartedMain] o.s.b.d.LoggingFailureAnalysisReporter   : 

***************************
APPLICATION FAILED TO START
***************************

Description:

Field emailSender in com.ideabytes.service.implementations.EmailServiceImpl required a bean of type 'org.springframework.mail.javamail.JavaMailSender' that could not be found.

The injection point has the following annotations:
	- @org.springframework.beans.factory.annotation.Autowired(required=true)


Action:

Consider defining a bean of type 'org.springframework.mail.javamail.JavaMailSender' in your configuration.

